[22:42:43.012][INFO]: Successfully identified and loaded plugin jeitweaker:default
[22:42:43.228][INFO]: Successfully identified and loaded plugin crafttweaker:builtin
[22:42:43.247][INFO]: Successfully identified and loaded plugin crafttweaker:builtin_forge
[22:42:43.255][INFO]: Successfully identified and loaded plugin immersiveengineering:ct_module
[22:42:45.931][INFO]: The following mods have explicit CraftTweaker support through the default plugin:
[22:42:45.931][INFO]: - 'crafttweaker' at version '9.1.203'
[22:42:45.932][INFO]: - 'createtweaker' at version '2.0.0.17'
[22:42:45.932][INFO]: - 'immersiveengineering' at version '1.18.2-8.3.1-157'
[22:42:45.932][INFO]: - 'jeitweaker' at version '3.0.0.9'
[22:42:45.932][INFO]: - 'thermal' at version '9.2.0.46'
[22:42:45.932][INFO]: - 'thermal_foundation' at version '9.2.0.46'
[22:43:03.731][INFO]: Started loading scripts for loader 'initialize'
[22:43:04.377][INFO]: Compiling and executing scripts
[22:43:04.413][INFO]: Successfully initialized modules [crafttweaker, expansions]
[22:43:04.521][INFO]: Execution for loader 'initialize' completed successfully
[22:46:01.565][INFO]: Started loading scripts for loader 'tags'
[22:46:01.579][INFO]: Compiling and executing scripts
[22:46:01.590][INFO]: Successfully initialized modules [crafttweaker, expansions]
[22:46:01.596][INFO]: Execution for loader 'tags' completed successfully
[22:46:05.587][INFO]: Started loading scripts for loader 'crafttweaker'
[22:46:05.601][INFO]: Compiling and executing scripts
[22:46:05.820][INFO]: Successfully initialized modules [mods, crafttweaker, expansions]
[22:46:05.820][INFO]: Loading file 'removal\alloying.zs' with priority 0
[22:46:05.821][INFO]: Loading file 'removal\crushing.zs' with priority 0
[22:46:05.824][INFO]: Loading file 'removal\ie_recipes.zs' with priority 0
[22:46:05.824][INFO]: Loading file 'removal\ie_tags.zs' with priority 0
[22:46:05.832][INFO]: Loading file 'removal\recipes.zs' with priority 0
[22:46:05.840][INFO]: Loading file 'removal\tags.zs' with priority 0
[22:46:05.895][INFO]: Removing 'create:crushing' recipe(s) with name(s): '[create:crushing/nickel_ore]'
[22:46:05.897][INFO]: Removing 'create:crushing' recipe(s) with name(s): '[create:crushing/lead_ore]'
[22:46:05.897][INFO]: Removing 'create:crushing' recipe(s) with name(s): '[create:crushing/coal_ore]'
[22:46:05.897][INFO]: Removing 'create:crushing' recipe(s) with name(s): '[create:crushing/deepslate_coal_ore]'
[22:46:05.897][INFO]: Removing 'create:crushing' recipe(s) with name(s): '[create:crushing/gold_ore]'
[22:46:05.897][INFO]: Removing 'create:crushing' recipe(s) with name(s): '[create:crushing/deepslate_gold_ore]'
[22:46:05.897][INFO]: Removing 'create:crushing' recipe(s) with name(s): '[create:crushing/zinc_ore]'
[22:46:05.897][INFO]: Removing 'create:crushing' recipe(s) with name(s): '[create:crushing/deepslate_zinc_ore]'
[22:46:05.897][INFO]: Removing 'create:crushing' recipe(s) with name(s): '[create:crushing/copper_ore]'
[22:46:05.897][INFO]: Removing 'create:crushing' recipe(s) with name(s): '[create:crushing/deepslate_copper_ore]'
[22:46:05.897][INFO]: Removing 'create:crushing' recipe(s) with name(s): '[create:crushing/iron_ore]'
[22:46:05.897][INFO]: Removing 'create:crushing' recipe(s) with name(s): '[create:crushing/deepslate_iron_ore]'
[22:46:05.897][INFO]: Removing 'create:crushing' recipe(s) with name(s): '[create:crushing/redstone_ore]'
[22:46:05.897][INFO]: Removing 'create:crushing' recipe(s) with name(s): '[create:crushing/deepslate_redstone_ore]'
[22:46:05.897][INFO]: Removing 'create:crushing' recipe(s) with name(s): '[create:crushing/lapis_ore]'
[22:46:05.897][INFO]: Removing 'create:crushing' recipe(s) with name(s): '[create:crushing/deepslate_lapis_ore]'
[22:46:05.897][INFO]: Removing 'create:crushing' recipe(s) with name(s): '[create:crushing/diamond_ore]'
[22:46:05.897][INFO]: Removing 'create:crushing' recipe(s) with name(s): '[create:crushing/deepslate_diamond_ore]'
[22:46:05.897][INFO]: Removing 'create:crushing' recipe(s) with name(s): '[create:crushing/nether_gold_ore]'
[22:46:05.897][INFO]: Removing 'create:crushing' recipe(s) with name(s): '[create:crushing/nether_quartz_ore]'
[22:46:05.897][INFO]: Removing 'create:crushing' recipe(s) with name(s): '[create:crushing/silver_ore]'
[22:46:05.897][INFO]: Removing 'create:crushing' recipe(s) with name(s): '[create:crushing/tin_ore]'
[22:46:05.897][INFO]: Removing 'create:crushing' recipe(s) with name(s): '[create:compat/thermal/crushing/apatite_ore]'
[22:46:05.897][INFO]: Removing 'create:crushing' recipe(s) with name(s): '[create:compat/thermal/crushing/cinnabar_ore]'
[22:46:05.897][INFO]: Removing 'create:crushing' recipe(s) with name(s): '[create:compat/thermal/crushing/niter_ore]'
[22:46:05.897][INFO]: Removing 'create:crushing' recipe(s) with name(s): '[create:compat/thermal/crushing/sulfur_ore]'
[22:46:05.897][INFO]: Removing 'create:crushing' recipe(s) with name(s): '[create:crushing/emerald_ore]'
[22:46:05.897][INFO]: Removing 'create:crushing' recipe(s) with name(s): '[create:crushing/deepslate_emerald_ore]'
[22:46:05.897][INFO]: Removing 'immersiveengineering:blueprint' recipe(s) with name(s): '[immersiveengineering:blueprint/component_electronic]'
[22:46:05.897][INFO]: Removing 'immersiveengineering:blueprint' recipe(s) with name(s): '[immersiveengineering:blueprint/component_electronic_adv]'
[22:46:05.897][INFO]: Removing 'immersiveengineering:coke_oven' recipe(s) with name(s): '[immersiveengineering:cokeoven/coke]'
[22:46:05.897][INFO]: Removing 'immersiveengineering:coke_oven' recipe(s) with name(s): '[immersiveengineering:cokeoven/coke_block]'
[22:46:05.897][INFO]: Removing 'immersiveengineering:coke_oven' recipe(s) with name(s): '[immersiveengineering:cokeoven/charcoal]'
[22:46:05.897][INFO]: Removing 'immersiveengineering:crusher' recipe(s) with name(s): '[immersiveengineering:crusher/coke]'
[22:46:05.897][INFO]: Removing 'immersiveengineering:crusher' recipe(s) with name(s): '[immersiveengineering:crusher/coke_block]'
[22:46:05.898][INFO]: Removing 'immersiveengineering:mixer' recipe(s) with name(s): '[immersiveengineering:mixer/concrete]'
[22:46:05.898][INFO]: Removing 'immersiveengineering:mixer' recipe(s) with name(s): '[immersiveengineering:mixer/redstone_acid]'
[22:46:05.899][INFO]: Removing 'smelting' recipes with output: 'com.blamejared.crafttweaker.api.item.MCItemStack@94131222'
[22:46:05.900][INFO]: Removing 'smelting' recipes with output: 'com.blamejared.crafttweaker.api.item.MCItemStack@5e882209'
[22:46:05.900][INFO]: Removing 'smelting' recipes with output: 'com.blamejared.crafttweaker.api.item.MCItemStack@cf6cbde9'
[22:46:05.900][INFO]: Removing 'smelting' recipes with output: 'com.blamejared.crafttweaker.api.item.MCItemStack@b5e4fe99'
[22:46:05.900][INFO]: Removing 'smelting' recipes with output: 'com.blamejared.crafttweaker.api.item.MCItemStack@45446a9a'
[22:46:05.900][INFO]: Removing 'smelting' recipes with output: 'com.blamejared.crafttweaker.api.item.MCItemStack@fd5afa1'
[22:46:05.900][INFO]: Removing 'smelting' recipes with output: 'com.blamejared.crafttweaker.api.item.MCItemStack@edfccce0'
[22:46:05.900][INFO]: Removing 'blasting' recipes with output: 'com.blamejared.crafttweaker.api.item.MCItemStack@94131222'
[22:46:05.902][INFO]: Removing 'blasting' recipes with output: 'com.blamejared.crafttweaker.api.item.MCItemStack@5e882209'
[22:46:05.902][INFO]: Removing 'blasting' recipes with output: 'com.blamejared.crafttweaker.api.item.MCItemStack@cf6cbde9'
[22:46:05.902][INFO]: Removing 'blasting' recipes with output: 'com.blamejared.crafttweaker.api.item.MCItemStack@b5e4fe99'
[22:46:05.902][INFO]: Removing 'blasting' recipes with output: 'com.blamejared.crafttweaker.api.item.MCItemStack@45446a9a'
[22:46:05.902][INFO]: Removing 'blasting' recipes with output: 'com.blamejared.crafttweaker.api.item.MCItemStack@fd5afa1'
[22:46:05.902][INFO]: Removing 'blasting' recipes with output: 'com.blamejared.crafttweaker.api.item.MCItemStack@edfccce0'
[22:46:05.907][INFO]: Removing: [immersiveengineering:ingot_steel] from tag: <tag:items:forge:ingots/steel>
[22:46:05.908][INFO]: Removing: [immersiveengineering:ingot_aluminum] from tag: <tag:items:forge:ingots/aluminum>
[22:46:05.908][INFO]: Removing: [immersiveengineering:ingot_lead] from tag: <tag:items:forge:ingots/lead>
[22:46:05.908][INFO]: Removing: [immersiveengineering:ingot_silver] from tag: <tag:items:forge:ingots/silver>
[22:46:05.909][INFO]: Removing: [immersiveengineering:ingot_nickel] from tag: <tag:items:forge:ingots/nickel>
[22:46:05.909][INFO]: Removing: [immersiveengineering:ingot_constantan] from tag: <tag:items:forge:ingots/constantan>
[22:46:05.909][INFO]: Removing: [immersiveengineering:ingot_electrum] from tag: <tag:items:forge:ingots/electrum>
[22:46:05.909][INFO]: Removing: [immersiveengineering:plate_iron] from tag: <tag:items:forge:plates/iron>
[22:46:05.909][INFO]: Removing: [immersiveengineering:plate_gold] from tag: <tag:items:forge:plates/gold>
[22:46:05.909][INFO]: Removing: [immersiveengineering:plate_copper] from tag: <tag:items:forge:plates/copper>
[22:46:05.909][INFO]: Removing: [immersiveengineering:plate_constantan] from tag: <tag:items:forge:plates/constantan>
[22:46:05.909][INFO]: Removing: [immersiveengineering:plate_lead] from tag: <tag:items:forge:plates/lead>
[22:46:05.910][INFO]: Removing: [immersiveengineering:plate_nickel] from tag: <tag:items:forge:plates/nickel>
[22:46:05.910][INFO]: Removing: [immersiveengineering:plate_electrum] from tag: <tag:items:forge:plates/electrum>
[22:46:05.910][INFO]: Removing: [immersiveengineering:plate_steel] from tag: <tag:items:forge:plates/steel>
[22:46:05.910][INFO]: Removing: [immersiveengineering:stick_steel] from tag: <tag:items:forge:rods/steel>
[22:46:05.910][INFO]: Removing: [immersiveengineering:nugget_aluminum] from tag: <tag:items:forge:nuggets/aluminum>
[22:46:05.910][INFO]: Removing: [immersiveengineering:nugget_lead] from tag: <tag:items:forge:nuggets/lead>
[22:46:05.910][INFO]: Removing: [immersiveengineering:nugget_silver] from tag: <tag:items:forge:nuggets/silver>
[22:46:05.910][INFO]: Removing: [immersiveengineering:nugget_nickel] from tag: <tag:items:forge:nuggets/nickel>
[22:46:05.910][INFO]: Removing: [immersiveengineering:nugget_constantan] from tag: <tag:items:forge:nuggets/constantan>
[22:46:05.911][INFO]: Removing: [immersiveengineering:nugget_electrum] from tag: <tag:items:forge:nuggets/electrum>
[22:46:05.911][INFO]: Removing: [immersiveengineering:nugget_copper] from tag: <tag:items:forge:nuggets/copper>
[22:46:05.911][INFO]: Removing: [immersiveengineering:dust_aluminum] from tag: <tag:items:forge:dusts/aluminum>
[22:46:05.911][INFO]: Removing: [immersiveengineering:dust_lead] from tag: <tag:items:forge:dusts/lead>
[22:46:05.911][INFO]: Removing: [immersiveengineering:dust_silver] from tag: <tag:items:forge:dusts/silver>
[22:46:05.911][INFO]: Removing: [immersiveengineering:dust_nickel] from tag: <tag:items:forge:dusts/nickel>
[22:46:05.911][INFO]: Removing: [immersiveengineering:dust_constantan] from tag: <tag:items:forge:dusts/constantan>
[22:46:05.911][INFO]: Removing: [immersiveengineering:dust_electrum] from tag: <tag:items:forge:dusts/electrum>
[22:46:05.911][INFO]: Removing: [immersiveengineering:dust_copper] from tag: <tag:items:forge:dusts/copper>
[22:46:05.912][INFO]: Removing: [immersiveengineering:dust_iron] from tag: <tag:items:forge:dusts/iron>
[22:46:05.912][INFO]: Removing: [immersiveengineering:dust_gold] from tag: <tag:items:forge:dusts/gold>
[22:46:05.912][INFO]: Removing: [immersiveengineering:dust_wood] from tag: <tag:items:forge:dusts/wood>
[22:46:05.912][INFO]: Removing: [immersiveengineering:dust_sulfur] from tag: <tag:items:forge:dusts/sulfur>
[22:46:05.912][INFO]: Removing: [immersiveengineering:dust_uranium] from tag: <tag:items:forge:dusts/uranium>
[22:46:05.912][INFO]: Removing: [immersiveengineering:ore_aluminum] from tag: <tag:items:forge:ores/aluminum>
[22:46:05.912][INFO]: Removing: [immersiveengineering:ore_lead] from tag: <tag:items:forge:ores/lead>
[22:46:05.912][INFO]: Removing: [immersiveengineering:ore_silver] from tag: <tag:items:forge:ores/silver>
[22:46:05.913][INFO]: Removing: [immersiveengineering:ore_nickel] from tag: <tag:items:forge:ores/nickel>
[22:46:05.913][INFO]: Removing: [immersiveengineering:deepslate_ore_aluminum] from tag: <tag:items:forge:ores/aluminum>
[22:46:05.913][INFO]: Removing: [immersiveengineering:deepslate_ore_lead] from tag: <tag:items:forge:ores/lead>
[22:46:05.913][INFO]: Removing: [immersiveengineering:deepslate_ore_silver] from tag: <tag:items:forge:ores/silver>
[22:46:05.913][INFO]: Removing: [immersiveengineering:deepslate_ore_nickel] from tag: <tag:items:forge:ores/nickel>
[22:46:05.913][INFO]: Removing: [immersiveengineering:raw_block_aluminum] from tag: <tag:items:forge:storage_blocks/raw_aluminum>
[22:46:05.913][INFO]: Removing: [immersiveengineering:raw_block_lead] from tag: <tag:items:forge:storage_blocks/raw_lead>
[22:46:05.913][INFO]: Removing: [immersiveengineering:raw_block_silver] from tag: <tag:items:forge:storage_blocks/raw_silver>
[22:46:05.914][INFO]: Removing: [immersiveengineering:raw_block_nickel] from tag: <tag:items:forge:storage_blocks/raw_nickel>
[22:46:05.914][INFO]: Removing: [immersiveengineering:hammer] from tag: <tag:items:forge:tools/wrench>
[22:46:05.914][INFO]: Removing: [immersiveengineering:slag] from tag: <tag:items:forge:slag>
[22:46:05.915][INFO]: Removing 'minecraft:crafting' recipe(s) with name(s): '[thermal:machine_bottler]'
[22:46:05.915][INFO]: Removing 'minecraft:crafting' recipe(s) with name(s): '[thermal:machine_refinery]'
[22:46:05.915][INFO]: Removing 'minecraft:crafting' recipe(s) with name(s): '[thermal:machine_crucible]'
[22:46:05.915][INFO]: Removing 'minecraft:crafting' recipe(s) with name(s): '[thermal:machine_press]'
[22:46:05.915][INFO]: Removing 'create:sequenced_assembly' recipe(s) with name(s): '[create:sequenced_assembly/precision_mechanism]'
[22:46:05.915][INFO]: Removing 'minecraft:crafting' recipe(s) with name(s): '[refinedstorage:1k_storage_disk]'
[22:46:05.915][INFO]: Removing 'minecraft:crafting' recipe(s) with name(s): '[refinedstorage:1k_storage_disk_from_storage_housing]'
[22:46:05.915][INFO]: Removing 'minecraft:crafting' recipe(s) with name(s): '[refinedstorage:4k_storage_disk]'
[22:46:05.915][INFO]: Removing 'minecraft:crafting' recipe(s) with name(s): '[refinedstorage:4k_storage_disk_from_storage_housing]'
[22:46:05.915][INFO]: Removing 'minecraft:crafting' recipe(s) with name(s): '[refinedstorage:16k_storage_disk]'
[22:46:05.915][INFO]: Removing 'minecraft:crafting' recipe(s) with name(s): '[refinedstorage:16k_storage_disk_from_storage_housing]'
[22:46:05.915][INFO]: Removing 'minecraft:crafting' recipe(s) with name(s): '[refinedstorage:64k_storage_disk]'
[22:46:05.915][INFO]: Removing 'minecraft:crafting' recipe(s) with name(s): '[refinedstorage:64k_storage_disk_from_storage_housing]'
[22:46:05.915][INFO]: Removing 'minecraft:crafting' recipe(s) with name(s): '[refinedstorage:64k_fluid_storage_disk]'
[22:46:05.915][INFO]: Removing 'minecraft:crafting' recipe(s) with name(s): '[refinedstorage:64k_fluid_storage_disk_from_storage_housing]'
[22:46:05.915][INFO]: Removing 'minecraft:crafting' recipe(s) with name(s): '[refinedstorage:256k_fluid_storage_disk]'
[22:46:05.915][INFO]: Removing 'minecraft:crafting' recipe(s) with name(s): '[refinedstorage:256k_fluid_storage_disk_from_storage_housing]'
[22:46:05.915][INFO]: Removing 'minecraft:crafting' recipe(s) with name(s): '[refinedstorage:1024k_fluid_storage_disk]'
[22:46:05.915][INFO]: Removing 'minecraft:crafting' recipe(s) with name(s): '[refinedstorage:1024k_fluid_storage_disk_from_storage_housing]'
[22:46:05.915][INFO]: Removing 'minecraft:crafting' recipe(s) with name(s): '[refinedstorage:4096k_fluid_storage_disk]'
[22:46:05.915][INFO]: Removing 'minecraft:crafting' recipe(s) with name(s): '[refinedstorage:4096k_fluid_storage_disk_from_storage_housing]'
[22:46:05.917][INFO]: Removing 'ae2:inscriber' recipe(s) with name(s): '[ae2:inscriber/engineering_processor]'
[22:46:05.917][INFO]: Removing 'ae2:inscriber' recipe(s) with name(s): '[ae2:inscriber/calculation_processor]'
[22:46:05.917][INFO]: Removing 'ae2:inscriber' recipe(s) with name(s): '[ae2:inscriber/logic_processor]'
[22:46:05.917][INFO]: Removing 'minecraft:crafting' recipe(s) with name(s): '[ae2:network/cells/item_storage_components_cell_1k_part]'
[22:46:05.917][INFO]: Removing 'minecraft:smelting' recipe(s) with name(s): '[refinedstorage:basic_processor]'
[22:46:05.917][INFO]: Removing 'minecraft:smelting' recipe(s) with name(s): '[refinedstorage:improved_processor]'
[22:46:05.917][INFO]: Removing 'minecraft:smelting' recipe(s) with name(s): '[refinedstorage:advanced_processor]'
[22:46:05.917][INFO]: Removing 'minecraft:crafting' recipe(s) with name(s): '[refinedstorage:raw_basic_processor]'
[22:46:05.917][INFO]: Removing 'minecraft:crafting' recipe(s) with name(s): '[refinedstorage:raw_improved_processor]'
[22:46:05.917][INFO]: Removing 'minecraft:crafting' recipe(s) with name(s): '[refinedstorage:raw_advanced_processor]'
[22:46:05.917][INFO]: Removing 'minecraft:crafting' recipe(s) with name(s): '[refinedstorage:controller]'
[22:46:05.917][INFO]: Removing 'minecraft:crafting' recipe(s) with name(s): '[ae2:network/blocks/controller]'
[22:46:05.917][INFO]: Removing 'minecraft:crafting' recipe(s) with name(s): '[refinedstorage:grid]'
[22:46:05.917][INFO]: Removing 'minecraft:crafting' recipe(s) with name(s): '[refinedstorage:1k_storage_part]'
[22:46:05.917][INFO]: Removing 'minecraft:crafting' recipe(s) with name(s): '[ae2:network/blocks/energy_energy_cell]'
[22:46:05.917][INFO]: Removing 'minecraft:crafting' recipe(s) with name(s): '[ae2:network/blocks/crystal_processing_charger]'
[22:46:05.917][INFO]: Removing 'minecraft:crafting' recipe(s) with name(s): '[ae2:materials/annihilationcore]'
[22:46:05.917][INFO]: Removing 'minecraft:crafting' recipe(s) with name(s): '[ae2:materials/formationcore]'
[22:46:05.917][INFO]: Removing 'minecraft:crafting' recipe(s) with name(s): '[create:crafting/materials/electron_tube]'
[22:46:05.917][INFO]: Removing 'minecraft:crafting' recipe(s) with name(s): '[refinedstorage:crafter]'
[22:46:05.917][INFO]: Removing 'minecraft:crafting' recipe(s) with name(s): '[refinedstorage:disk_drive]'
[22:46:05.917][INFO]: Removing 'minecraft:crafting' recipe(s) with name(s): '[ae2:network/blocks/storage_drive]'
[22:46:05.917][INFO]: Removing 'minecraft:crafting' recipe(s) with name(s): '[ae2:network/blocks/inscribers]'
[22:46:05.917][INFO]: Removing 'thermal:press' recipe(s) with name(s): '[thermal:machines/press/press_tin_nugget_to_coin]'
[22:46:05.917][INFO]: Removing 'thermal:press' recipe(s) with name(s): '[thermal:machines/press/press_tin_ingot_to_plate]'
[22:46:05.917][INFO]: Removing 'thermal:press' recipe(s) with name(s): '[thermal:machines/press/press_tin_ingot_to_gear]'
[22:46:05.917][INFO]: Removing 'thermal:press' recipe(s) with name(s): '[thermal:machines/press/press_tin_ingot_to_coin]'
[22:46:05.917][INFO]: Removing 'thermal:press' recipe(s) with name(s): '[thermal:machines/press/press_silver_nugget_to_coin]'
[22:46:05.917][INFO]: Removing 'thermal:press' recipe(s) with name(s): '[thermal:machines/press/press_silver_ingot_to_plate]'
[22:46:05.917][INFO]: Removing 'thermal:press' recipe(s) with name(s): '[thermal:machines/press/press_silver_ingot_to_gear]'
[22:46:05.917][INFO]: Removing 'thermal:press' recipe(s) with name(s): '[thermal:machines/press/press_silver_ingot_to_coin]'
[22:46:05.917][INFO]: Removing 'thermal:press' recipe(s) with name(s): '[thermal:machines/press/press_nickel_nugget_to_coin]'
[22:46:05.917][INFO]: Removing 'thermal:press' recipe(s) with name(s): '[thermal:machines/press/press_nickel_ingot_to_plate]'
[22:46:05.917][INFO]: Removing 'thermal:press' recipe(s) with name(s): '[thermal:machines/press/press_nickel_ingot_to_gear]'
[22:46:05.917][INFO]: Removing 'thermal:press' recipe(s) with name(s): '[thermal:machines/press/press_nickel_ingot_to_coin]'
[22:46:05.917][INFO]: Removing 'thermal:press' recipe(s) with name(s): '[thermal:machines/press/press_lead_nugget_to_coin]'
[22:46:05.917][INFO]: Removing 'thermal:press' recipe(s) with name(s): '[thermal:machines/press/press_lead_ingot_to_plate]'
[22:46:05.917][INFO]: Removing 'thermal:press' recipe(s) with name(s): '[thermal:machines/press/press_lead_ingot_to_gear]'
[22:46:05.917][INFO]: Removing 'thermal:press' recipe(s) with name(s): '[thermal:machines/press/press_lead_ingot_to_coin]'
[22:46:05.917][INFO]: Removing 'thermal:press' recipe(s) with name(s): '[thermal:machines/press/press_invar_nugget_to_coin]'
[22:46:05.917][INFO]: Removing 'thermal:press' recipe(s) with name(s): '[thermal:machines/press/press_invar_ingot_to_plate]'
[22:46:05.917][INFO]: Removing 'thermal:press' recipe(s) with name(s): '[thermal:machines/press/press_invar_ingot_to_gear]'
[22:46:05.917][INFO]: Removing 'thermal:press' recipe(s) with name(s): '[thermal:machines/press/press_invar_ingot_to_coin]'
[22:46:05.917][INFO]: Removing 'thermal:press' recipe(s) with name(s): '[thermal:machines/press/press_electrum_nugget_to_coin]'
[22:46:05.918][INFO]: Removing 'thermal:press' recipe(s) with name(s): '[thermal:machines/press/press_electrum_ingot_to_plate]'
[22:46:05.918][INFO]: Removing 'thermal:press' recipe(s) with name(s): '[thermal:machines/press/press_electrum_ingot_to_gear]'
[22:46:05.918][INFO]: Removing 'thermal:press' recipe(s) with name(s): '[thermal:machines/press/press_electrum_ingot_to_coin]'
[22:46:05.918][INFO]: Removing 'thermal:press' recipe(s) with name(s): '[thermal:machines/press/press_constantan_nugget_to_coin]'
[22:46:05.918][INFO]: Removing 'thermal:press' recipe(s) with name(s): '[thermal:machines/press/press_constantan_ingot_to_plate]'
[22:46:05.918][INFO]: Removing 'thermal:press' recipe(s) with name(s): '[thermal:machines/press/press_constantan_ingot_to_gear]'
[22:46:05.918][INFO]: Removing 'thermal:press' recipe(s) with name(s): '[thermal:machines/press/press_constantan_ingot_to_coin]'
[22:46:05.918][INFO]: Removing 'thermal:press' recipe(s) with name(s): '[thermal:machines/press/press_bronze_nugget_to_coin]'
[22:46:05.918][INFO]: Removing 'thermal:press' recipe(s) with name(s): '[thermal:machines/press/press_bronze_ingot_to_plate]'
[22:46:05.918][INFO]: Removing 'thermal:press' recipe(s) with name(s): '[thermal:machines/press/press_bronze_ingot_to_gear]'
[22:46:05.918][INFO]: Removing 'thermal:press' recipe(s) with name(s): '[thermal:machines/press/press_bronze_ingot_to_coin]'
[22:46:05.918][INFO]: Removing 'thermal:press' recipe(s) with name(s): '[thermal:machines/press/unpacking/press_tin_nugget_unpacking]'
[22:46:05.918][INFO]: Removing 'thermal:press' recipe(s) with name(s): '[thermal:machines/press/unpacking/press_tin_unpacking]'
[22:46:05.918][INFO]: Removing 'thermal:press' recipe(s) with name(s): '[thermal:machines/press/unpacking/press_silver_nugget_unpacking]'
[22:46:05.918][INFO]: Removing 'thermal:press' recipe(s) with name(s): '[thermal:machines/press/unpacking/press_silver_unpacking]'
[22:46:05.918][INFO]: Removing 'thermal:press' recipe(s) with name(s): '[thermal:machines/press/unpacking/press_nickel_nugget_unpacking]'
[22:46:05.918][INFO]: Removing 'thermal:press' recipe(s) with name(s): '[thermal:machines/press/unpacking/press_nickel_unpacking]'
[22:46:05.918][INFO]: Removing 'thermal:press' recipe(s) with name(s): '[thermal:machines/press/unpacking/press_lead_nugget_unpacking]'
[22:46:05.918][INFO]: Removing 'thermal:press' recipe(s) with name(s): '[thermal:machines/press/unpacking/press_lead_unpacking]'
[22:46:05.918][INFO]: Removing 'thermal:press' recipe(s) with name(s): '[thermal:machines/press/unpacking/press_invar_nugget_unpacking]'
[22:46:05.918][INFO]: Removing 'thermal:press' recipe(s) with name(s): '[thermal:machines/press/unpacking/press_invar_unpacking]'
[22:46:05.918][INFO]: Removing 'thermal:press' recipe(s) with name(s): '[thermal:machines/press/unpacking/press_electrum_nugget_unpacking]'
[22:46:05.918][INFO]: Removing 'thermal:press' recipe(s) with name(s): '[thermal:machines/press/unpacking/press_electrum_unpacking]'
[22:46:05.918][INFO]: Removing 'thermal:press' recipe(s) with name(s): '[thermal:machines/press/unpacking/press_constantan_nugget_unpacking]'
[22:46:05.918][INFO]: Removing 'thermal:press' recipe(s) with name(s): '[thermal:machines/press/unpacking/press_constantan_unpacking]'
[22:46:05.918][INFO]: Removing 'thermal:press' recipe(s) with name(s): '[thermal:machines/press/unpacking/press_bronze_nugget_unpacking]'
[22:46:05.918][INFO]: Removing 'thermal:press' recipe(s) with name(s): '[thermal:machines/press/unpacking/press_bronze_unpacking]'
[22:46:05.918][INFO]: Removing 'thermal:press' recipe(s) with name(s): '[thermal:machines/press/packing3x3/press_tin_nugget_packing]'
[22:46:05.918][INFO]: Removing 'thermal:press' recipe(s) with name(s): '[thermal:machines/press/packing3x3/press_tin_packing]'
[22:46:05.918][INFO]: Removing 'thermal:press' recipe(s) with name(s): '[thermal:machines/press/packing3x3/press_silver_nugget_packing]'
[22:46:05.918][INFO]: Removing 'thermal:press' recipe(s) with name(s): '[thermal:machines/press/packing3x3/press_silver_packing]'
[22:46:05.918][INFO]: Removing 'thermal:press' recipe(s) with name(s): '[thermal:machines/press/packing3x3/press_nickel_nugget_packing]'
[22:46:05.918][INFO]: Removing 'thermal:press' recipe(s) with name(s): '[thermal:machines/press/packing3x3/press_nickel_packing]'
[22:46:05.918][INFO]: Removing 'thermal:press' recipe(s) with name(s): '[thermal:machines/press/packing3x3/press_lead_nugget_packing]'
[22:46:05.918][INFO]: Removing 'thermal:press' recipe(s) with name(s): '[thermal:machines/press/packing3x3/press_lead_packing]'
[22:46:05.918][INFO]: Removing 'thermal:press' recipe(s) with name(s): '[thermal:machines/press/packing3x3/press_invar_nugget_packing]'
[22:46:05.918][INFO]: Removing 'thermal:press' recipe(s) with name(s): '[thermal:machines/press/packing3x3/press_invar_packing]'
[22:46:05.918][INFO]: Removing 'thermal:press' recipe(s) with name(s): '[thermal:machines/press/packing3x3/press_electrum_nugget_packing]'
[22:46:05.918][INFO]: Removing 'thermal:press' recipe(s) with name(s): '[thermal:machines/press/packing3x3/press_electrum_packing]'
[22:46:05.918][INFO]: Removing 'thermal:press' recipe(s) with name(s): '[thermal:machines/press/packing3x3/press_constantan_nugget_packing]'
[22:46:05.918][INFO]: Removing 'thermal:press' recipe(s) with name(s): '[thermal:machines/press/packing3x3/press_constantan_packing]'
[22:46:05.918][INFO]: Removing 'thermal:press' recipe(s) with name(s): '[thermal:machines/press/packing3x3/press_bronze_nugget_packing]'
[22:46:05.918][INFO]: Removing 'thermal:press' recipe(s) with name(s): '[thermal:machines/press/packing3x3/press_bronze_packing]'
[22:46:05.918][INFO]: Removing 'thermal:press' recipe(s) with name(s): '[thermal:machines/press/press_copper_nugget_to_coin]'
[22:46:05.918][INFO]: Removing 'thermal:press' recipe(s) with name(s): '[thermal:machines/press/press_copper_ingot_to_plate]'
[22:46:05.918][INFO]: Removing 'thermal:press' recipe(s) with name(s): '[thermal:machines/press/press_copper_ingot_to_gear]'
[22:46:05.918][INFO]: Removing 'thermal:press' recipe(s) with name(s): '[thermal:machines/press/press_copper_ingot_to_coin]'
[22:46:05.918][INFO]: Removing 'thermal:press' recipe(s) with name(s): '[thermal:machines/press/press_enderium_nugget_to_coin]'
[22:46:05.918][INFO]: Removing 'thermal:press' recipe(s) with name(s): '[thermal:machines/press/press_enderium_ingot_to_plate]'
[22:46:05.918][INFO]: Removing 'thermal:press' recipe(s) with name(s): '[thermal:machines/press/press_enderium_ingot_to_gear]'
[22:46:05.918][INFO]: Removing 'thermal:press' recipe(s) with name(s): '[thermal:machines/press/press_enderium_ingot_to_coin]'
[22:46:05.918][INFO]: Removing 'thermal:press' recipe(s) with name(s): '[thermal:machines/press/press_gold_nugget_to_coin]'
[22:46:05.918][INFO]: Removing 'thermal:press' recipe(s) with name(s): '[thermal:machines/press/press_gold_ingot_to_plate]'
[22:46:05.918][INFO]: Removing 'thermal:press' recipe(s) with name(s): '[thermal:machines/press/press_gold_ingot_to_gear]'
[22:46:05.918][INFO]: Removing 'thermal:press' recipe(s) with name(s): '[thermal:machines/press/press_gold_ingot_to_coin]'
[22:46:05.918][INFO]: Removing 'thermal:press' recipe(s) with name(s): '[thermal:machines/press/press_iron_nugget_to_coin]'
[22:46:05.918][INFO]: Removing 'thermal:press' recipe(s) with name(s): '[thermal:machines/press/press_iron_ingot_to_plate]'
[22:46:05.919][INFO]: Removing 'thermal:press' recipe(s) with name(s): '[thermal:machines/press/press_iron_ingot_to_gear]'
[22:46:05.919][INFO]: Removing 'thermal:press' recipe(s) with name(s): '[thermal:machines/press/press_iron_ingot_to_coin]'
[22:46:05.919][INFO]: Removing 'thermal:press' recipe(s) with name(s): '[thermal:machines/press/press_lumium_nugget_to_coin]'
[22:46:05.919][INFO]: Removing 'thermal:press' recipe(s) with name(s): '[thermal:machines/press/press_lumium_ingot_to_plate]'
[22:46:05.919][INFO]: Removing 'thermal:press' recipe(s) with name(s): '[thermal:machines/press/press_lumium_ingot_to_gear]'
[22:46:05.919][INFO]: Removing 'thermal:press' recipe(s) with name(s): '[thermal:machines/press/press_lumium_ingot_to_coin]'
[22:46:05.919][INFO]: Removing 'thermal:press' recipe(s) with name(s): '[thermal:machines/press/press_netherite_ingot_to_plate]'
[22:46:05.919][INFO]: Removing 'thermal:press' recipe(s) with name(s): '[thermal:machines/press/press_netherite_ingot_to_gear]'
[22:46:05.919][INFO]: Removing 'thermal:press' recipe(s) with name(s): '[thermal:machines/press/press_netherite_ingot_to_coin]'
[22:46:05.919][INFO]: Removing 'thermal:press' recipe(s) with name(s): '[thermal:machines/press/press_signalum_nugget_to_coin]'
[22:46:05.919][INFO]: Removing 'thermal:press' recipe(s) with name(s): '[thermal:machines/press/press_signalum_ingot_to_plate]'
[22:46:05.919][INFO]: Removing 'thermal:press' recipe(s) with name(s): '[thermal:machines/press/press_signalum_ingot_to_gear]'
[22:46:05.919][INFO]: Removing 'thermal:press' recipe(s) with name(s): '[thermal:machines/press/press_signalum_ingot_to_coin]'
[22:46:05.919][INFO]: Removing 'thermal:press' recipe(s) with name(s): '[thermal:machines/press/press_vine_to_latex]'
[22:46:05.919][INFO]: Removing 'thermal:press' recipe(s) with name(s): '[thermal:machines/press/press_dandelion_to_latex]'
[22:46:05.919][INFO]: Removing 'thermal:press' recipe(s) with name(s): '[thermal:machines/press/packing3x3/press_diamond_packing]'
[22:46:05.919][INFO]: Removing 'thermal:press' recipe(s) with name(s): '[thermal:machines/press/packing3x3/press_emerald_packing]'
[22:46:05.919][INFO]: Removing 'thermal:press' recipe(s) with name(s): '[thermal:machines/press/packing3x3/press_dried_kelp_packing]'
[22:46:05.919][INFO]: Removing 'thermal:press' recipe(s) with name(s): '[thermal:machines/press/packing3x3/press_lapis_packing]'
[22:46:05.919][INFO]: Removing 'thermal:press' recipe(s) with name(s): '[thermal:machines/press/packing3x3/press_melon_packing]'
[22:46:05.919][INFO]: Removing 'thermal:press' recipe(s) with name(s): '[thermal:machines/press/packing3x3/press_niter_packing]'
[22:46:05.919][INFO]: Removing 'thermal:press' recipe(s) with name(s): '[thermal:machines/press/packing3x3/press_packed_ice_packing]'
[22:46:05.919][INFO]: Removing 'thermal:press' recipe(s) with name(s): '[thermal:machines/press/packing3x3/press_prismarine_bricks_packing]'
[22:46:05.919][INFO]: Removing 'thermal:press' recipe(s) with name(s): '[thermal:machines/press/packing3x3/press_raw_iron_packing]'
[22:46:05.919][INFO]: Removing 'thermal:press' recipe(s) with name(s): '[thermal:machines/press/packing3x3/press_raw_copper_packing]'
[22:46:05.919][INFO]: Removing 'thermal:press' recipe(s) with name(s): '[thermal:machines/press/packing3x3/press_raw_gold_packing]'
[22:46:05.919][INFO]: Removing 'thermal:press' recipe(s) with name(s): '[thermal:machines/press/packing3x3/press_redstone_packing]'
[22:46:05.919][INFO]: Removing 'thermal:press' recipe(s) with name(s): '[thermal:machines/press/packing3x3/press_rosin_packing]'
[22:46:05.919][INFO]: Removing 'thermal:press' recipe(s) with name(s): '[thermal:machines/press/packing3x3/press_ruby_packing]'
[22:46:05.919][INFO]: Removing 'thermal:press' recipe(s) with name(s): '[thermal:machines/press/packing3x3/press_sapphire_packing]'
[22:46:05.919][INFO]: Removing 'thermal:press' recipe(s) with name(s): '[thermal:machines/press/packing3x3/press_sawdust_packing]'
[22:46:05.919][INFO]: Removing 'thermal:press' recipe(s) with name(s): '[thermal:machines/press/packing3x3/press_sulfur_packing]'
[22:46:05.919][INFO]: Removing 'thermal:press' recipe(s) with name(s): '[thermal:machines/press/packing3x3/press_tar_packing]'
[22:46:05.919][INFO]: Removing 'thermal:press' recipe(s) with name(s): '[thermal:machines/press/packing3x3/press_wheat_packing]'
[22:46:05.919][INFO]: Removing 'thermal:press' recipe(s) with name(s): '[thermal:machines/press/packing3x3/press_apatite_packing]'
[22:46:05.919][INFO]: Removing 'thermal:press' recipe(s) with name(s): '[thermal:machines/press/packing3x3/press_bitumen_packing]'
[22:46:05.919][INFO]: Removing 'thermal:press' recipe(s) with name(s): '[thermal:machines/press/packing3x3/press_blue_ice_packing]'
[22:46:05.919][INFO]: Removing 'thermal:press' recipe(s) with name(s): '[thermal:machines/press/packing3x3/press_cinnabar_packing]'
[22:46:05.919][INFO]: Removing 'thermal:press' recipe(s) with name(s): '[thermal:machines/press/packing3x3/press_coal_coke_packing]'
[22:46:05.919][INFO]: Removing 'thermal:press' recipe(s) with name(s): '[thermal:machines/press/packing3x3/press_coal_packing]'
[22:46:05.919][INFO]: Removing 'thermal:press' recipe(s) with name(s): '[thermal:machines/press/packing3x3/press_iron_nugget_packing]'
[22:46:05.919][INFO]: Removing 'thermal:press' recipe(s) with name(s): '[thermal:machines/press/packing3x3/press_raw_silver_packing]'
[22:46:05.920][INFO]: Removing 'thermal:press' recipe(s) with name(s): '[thermal:machines/press/packing3x3/press_raw_tin_packing]'
[22:46:05.920][INFO]: Removing 'thermal:press' recipe(s) with name(s): '[thermal:machines/press/packing3x3/press_enderium_packing]'
[22:46:05.920][INFO]: Removing 'thermal:press' recipe(s) with name(s): '[thermal:machines/press/packing3x3/press_signalum_nugget_packing]'
[22:46:05.920][INFO]: Removing 'thermal:press' recipe(s) with name(s): '[thermal:machines/press/packing3x3/press_lumium_nugget_packing]'
[22:46:05.920][INFO]: Removing 'thermal:press' recipe(s) with name(s): '[thermal:machines/press/packing3x3/press_gold_nugget_packing]'
[22:46:05.920][INFO]: Removing 'thermal:press' recipe(s) with name(s): '[thermal:machines/press/packing3x3/press_signalum_packing]'
[22:46:05.920][INFO]: Removing 'thermal:press' recipe(s) with name(s): '[thermal:machines/press/packing3x3/press_lumium_packing]'
[22:46:05.920][INFO]: Removing 'thermal:press' recipe(s) with name(s): '[thermal:machines/press/packing3x3/press_gold_packing]'
[22:46:05.920][INFO]: Removing 'thermal:press' recipe(s) with name(s): '[thermal:machines/press/packing3x3/press_copper_packing]'
[22:46:05.920][INFO]: Removing 'thermal:press' recipe(s) with name(s): '[thermal:machines/press/packing3x3/press_netherite_packing]'
[22:46:05.920][INFO]: Removing 'thermal:press' recipe(s) with name(s): '[thermal:machines/press/packing3x3/press_raw_nickel_packing]'
[22:46:05.920][INFO]: Removing 'thermal:press' recipe(s) with name(s): '[thermal:machines/press/packing3x3/press_copper_nugget_packing]'
[22:46:05.920][INFO]: Removing 'thermal:press' recipe(s) with name(s): '[thermal:machines/press/packing3x3/press_netherite_nugget_packing]'
[22:46:05.920][INFO]: Removing 'thermal:press' recipe(s) with name(s): '[thermal:machines/press/packing3x3/press_enderium_nugget_packing]'
[22:46:05.920][INFO]: Removing 'thermal:press' recipe(s) with name(s): '[thermal:machines/press/packing3x3/press_slime_packing]'
[22:46:05.920][INFO]: Removing 'thermal:press' recipe(s) with name(s): '[thermal:machines/press/packing3x3/press_iron_packing]'
[22:46:05.920][INFO]: Removing 'thermal:press' recipe(s) with name(s): '[thermal:machines/press/packing3x3/press_raw_lead_packing]'
[22:46:05.920][INFO]: Removing 'thermal:press' recipe(s) with name(s): '[thermal:machines/press/packing2x2/press_amethyst_packing]'
[22:46:05.920][INFO]: Removing 'thermal:press' recipe(s) with name(s): '[thermal:machines/press/packing2x2/press_bricks_packing]'
[22:46:05.920][INFO]: Removing 'thermal:press' recipe(s) with name(s): '[thermal:machines/press/packing2x2/press_clay_packing]'
[22:46:05.920][INFO]: Removing 'thermal:press' recipe(s) with name(s): '[thermal:machines/press/packing2x2/press_cured_rubber_packing]'
[22:46:05.920][INFO]: Removing 'thermal:press' recipe(s) with name(s): '[thermal:machines/press/packing2x2/press_honeycomb_packing]'
[22:46:05.920][INFO]: Removing 'thermal:press' recipe(s) with name(s): '[thermal:machines/press/packing2x2/press_magma_packing]'
[22:46:05.920][INFO]: Removing 'thermal:press' recipe(s) with name(s): '[thermal:machines/press/packing2x2/press_nether_bricks_packing]'
[22:46:05.920][INFO]: Removing 'thermal:press' recipe(s) with name(s): '[thermal:machines/press/packing2x2/press_prismarine_packing]'
[22:46:05.920][INFO]: Removing 'thermal:press' recipe(s) with name(s): '[thermal:machines/press/packing2x2/press_quartz_packing]'
[22:46:05.920][INFO]: Removing 'thermal:press' recipe(s) with name(s): '[thermal:machines/press/packing2x2/press_red_sandstone_packing]'
[22:46:05.920][INFO]: Removing 'thermal:press' recipe(s) with name(s): '[thermal:machines/press/packing2x2/press_rich_slag_packing]'
[22:46:05.920][INFO]: Removing 'thermal:press' recipe(s) with name(s): '[thermal:machines/press/packing2x2/press_rubber_packing]'
[22:46:05.920][INFO]: Removing 'thermal:press' recipe(s) with name(s): '[thermal:machines/press/packing2x2/press_sandstone_packing]'
[22:46:05.920][INFO]: Removing 'thermal:press' recipe(s) with name(s): '[thermal:machines/press/packing2x2/press_slag_packing]'
[22:46:05.920][INFO]: Removing 'thermal:press' recipe(s) with name(s): '[thermal:machines/press/packing2x2/press_snow_packing]'
[22:46:05.920][INFO]: Removing 'thermal:press' recipe(s) with name(s): '[thermal:machines/press/packing2x2/press_string_packing]'
[22:46:05.920][INFO]: Removing 'thermal:press' recipe(s) with name(s): '[thermal:machines/press/unpacking/press_amethyst_unpacking]'
[22:46:05.920][INFO]: Removing 'thermal:press' recipe(s) with name(s): '[thermal:machines/press/unpacking/press_bricks_unpacking]'
[22:46:05.920][INFO]: Removing 'thermal:press' recipe(s) with name(s): '[thermal:machines/press/unpacking/press_clay_unpacking]'
[22:46:05.920][INFO]: Removing 'thermal:press' recipe(s) with name(s): '[thermal:machines/press/unpacking/press_cured_rubber_unpacking]'
[22:46:05.920][INFO]: Removing 'thermal:press' recipe(s) with name(s): '[thermal:machines/press/unpacking/press_honeycomb_unpacking]'
[22:46:05.920][INFO]: Removing 'thermal:press' recipe(s) with name(s): '[thermal:machines/press/unpacking/press_magma_unpacking]'
[22:46:05.920][INFO]: Removing 'thermal:press' recipe(s) with name(s): '[thermal:machines/press/unpacking/press_nether_bricks_unpacking]'
[22:46:05.920][INFO]: Removing 'thermal:press' recipe(s) with name(s): '[thermal:machines/press/unpacking/press_prismarine_unpacking]'
[22:46:05.920][INFO]: Removing 'thermal:press' recipe(s) with name(s): '[thermal:machines/press/unpacking/press_quartz_unpacking]'
[22:46:05.920][INFO]: Removing 'thermal:press' recipe(s) with name(s): '[thermal:machines/press/unpacking/press_red_sandstone_unpacking]'
[22:46:05.920][INFO]: Removing 'thermal:press' recipe(s) with name(s): '[thermal:machines/press/unpacking/press_rich_slag_unpacking]'
[22:46:05.920][INFO]: Removing 'thermal:press' recipe(s) with name(s): '[thermal:machines/press/unpacking/press_rubber_unpacking]'
[22:46:05.920][INFO]: Removing 'thermal:press' recipe(s) with name(s): '[thermal:machines/press/unpacking/press_sandstone_unpacking]'
[22:46:05.920][INFO]: Removing 'thermal:press' recipe(s) with name(s): '[thermal:machines/press/unpacking/press_slag_unpacking]'
[22:46:05.920][INFO]: Removing 'thermal:press' recipe(s) with name(s): '[thermal:machines/press/unpacking/press_snow_unpacking]'
[22:46:05.920][INFO]: Removing 'thermal:press' recipe(s) with name(s): '[thermal:machines/press/unpacking/press_wool_unpacking]'
[22:46:05.920][INFO]: Removing 'thermal:press' recipe(s) with name(s): '[thermal:machines/press/unpacking/press_slime_unpacking]'
[22:46:05.920][INFO]: Removing 'thermal:press' recipe(s) with name(s): '[thermal:machines/press/unpacking/press_diamond_unpacking]'
[22:46:05.920][INFO]: Removing 'thermal:press' recipe(s) with name(s): '[thermal:machines/press/unpacking/press_emerald_unpacking]'
[22:46:05.920][INFO]: Removing 'thermal:press' recipe(s) with name(s): '[thermal:machines/press/unpacking/press_dried_kelp_unpacking]'
[22:46:05.920][INFO]: Removing 'thermal:press' recipe(s) with name(s): '[thermal:machines/press/unpacking/press_lapis_unpacking]'
[22:46:05.920][INFO]: Removing 'thermal:press' recipe(s) with name(s): '[thermal:machines/press/unpacking/press_melon_unpacking]'
[22:46:05.920][INFO]: Removing 'thermal:press' recipe(s) with name(s): '[thermal:machines/press/unpacking/press_niter_unpacking]'
[22:46:05.920][INFO]: Removing 'thermal:press' recipe(s) with name(s): '[thermal:machines/press/unpacking/press_packed_ice_unpacking]'
[22:46:05.920][INFO]: Removing 'thermal:press' recipe(s) with name(s): '[thermal:machines/press/unpacking/press_prismarine_brick_unpacking]'
[22:46:05.920][INFO]: Removing 'thermal:press' recipe(s) with name(s): '[thermal:machines/press/unpacking/press_raw_iron_unpacking]'
[22:46:05.920][INFO]: Removing 'thermal:press' recipe(s) with name(s): '[thermal:machines/press/unpacking/press_raw_copper_unpacking]'
[22:46:05.920][INFO]: Removing 'thermal:press' recipe(s) with name(s): '[thermal:machines/press/unpacking/press_raw_gold_unpacking]'
[22:46:05.920][INFO]: Removing 'thermal:press' recipe(s) with name(s): '[thermal:machines/press/unpacking/press_redstone_unpacking]'
[22:46:05.920][INFO]: Removing 'thermal:press' recipe(s) with name(s): '[thermal:machines/press/unpacking/press_rosin_unpacking]'
[22:46:05.920][INFO]: Removing 'thermal:press' recipe(s) with name(s): '[thermal:machines/press/unpacking/press_ruby_unpacking]'
[22:46:05.920][INFO]: Removing 'thermal:press' recipe(s) with name(s): '[thermal:machines/press/unpacking/press_sapphire_unpacking]'
[22:46:05.920][INFO]: Removing 'thermal:press' recipe(s) with name(s): '[thermal:machines/press/unpacking/press_sawdust_unpacking]'
[22:46:05.920][INFO]: Removing 'thermal:press' recipe(s) with name(s): '[thermal:machines/press/unpacking/press_sulfur_unpacking]'
[22:46:05.920][INFO]: Removing 'thermal:press' recipe(s) with name(s): '[thermal:machines/press/unpacking/press_tar_unpacking]'
[22:46:05.920][INFO]: Removing 'thermal:press' recipe(s) with name(s): '[thermal:machines/press/unpacking/press_wheat_unpacking]'
[22:46:05.920][INFO]: Removing 'thermal:press' recipe(s) with name(s): '[thermal:machines/press/unpacking/press_apatite_unpacking]'
[22:46:05.920][INFO]: Removing 'thermal:press' recipe(s) with name(s): '[thermal:machines/press/unpacking/press_bitumen_unpacking]'
[22:46:05.920][INFO]: Removing 'thermal:press' recipe(s) with name(s): '[thermal:machines/press/unpacking/press_blue_ice_unpacking]'
[22:46:05.921][INFO]: Removing 'thermal:press' recipe(s) with name(s): '[thermal:machines/press/unpacking/press_cinnabar_unpacking]'
[22:46:05.921][INFO]: Removing 'thermal:press' recipe(s) with name(s): '[thermal:machines/press/unpacking/press_coal_coke_unpacking]'
[22:46:05.921][INFO]: Removing 'thermal:press' recipe(s) with name(s): '[thermal:machines/press/unpacking/press_coal_unpacking]'
[22:46:05.921][INFO]: Removing 'thermal:press' recipe(s) with name(s): '[thermal:machines/press/unpacking/press_raw_silver_unpacking]'
[22:46:05.921][INFO]: Removing 'thermal:press' recipe(s) with name(s): '[thermal:machines/press/unpacking/press_raw_tin_unpacking]'
[22:46:05.921][INFO]: Removing 'thermal:press' recipe(s) with name(s): '[thermal:machines/press/unpacking/press_raw_nickel_unpacking]'
[22:46:05.921][INFO]: Removing 'thermal:press' recipe(s) with name(s): '[thermal:machines/press/unpacking/press_raw_lead_unpacking]'
[22:46:05.921][INFO]: Removing 'thermal:press' recipe(s) with name(s): '[thermal:machines/press/unpacking/press_copper_nugget_unpacking]'
[22:46:05.921][INFO]: Removing 'thermal:press' recipe(s) with name(s): '[thermal:machines/press/unpacking/press_copper_unpacking]'
[22:46:05.921][INFO]: Removing 'thermal:press' recipe(s) with name(s): '[thermal:machines/press/unpacking/press_enderium_nugget_unpacking]'
[22:46:05.921][INFO]: Removing 'thermal:press' recipe(s) with name(s): '[thermal:machines/press/unpacking/press_enderium_unpacking]'
[22:46:05.921][INFO]: Removing 'thermal:press' recipe(s) with name(s): '[thermal:machines/press/unpacking/press_gold_nugget_unpacking]'
[22:46:05.921][INFO]: Removing 'thermal:press' recipe(s) with name(s): '[thermal:machines/press/unpacking/press_gold_unpacking]'
[22:46:05.921][INFO]: Removing 'thermal:press' recipe(s) with name(s): '[thermal:machines/press/unpacking/press_iron_nugget_unpacking]'
[22:46:05.921][INFO]: Removing 'thermal:press' recipe(s) with name(s): '[thermal:machines/press/unpacking/press_iron_unpacking]'
[22:46:05.921][INFO]: Removing 'thermal:press' recipe(s) with name(s): '[thermal:machines/press/unpacking/press_lumium_nugget_unpacking]'
[22:46:05.921][INFO]: Removing 'thermal:press' recipe(s) with name(s): '[thermal:machines/press/unpacking/press_lumium_unpacking]'
[22:46:05.921][INFO]: Removing 'thermal:press' recipe(s) with name(s): '[thermal:machines/press/unpacking/press_netherite_nugget_unpacking]'
[22:46:05.921][INFO]: Removing 'thermal:press' recipe(s) with name(s): '[thermal:machines/press/unpacking/press_netherite_unpacking]'
[22:46:05.921][INFO]: Removing 'thermal:press' recipe(s) with name(s): '[thermal:machines/press/unpacking/press_signalum_nugget_unpacking]'
[22:46:05.921][INFO]: Removing 'thermal:press' recipe(s) with name(s): '[thermal:machines/press/unpacking/press_signalum_unpacking]'
[22:46:05.921][INFO]: Removing 'minecraft:crafting' recipe(s) with name(s): '[create:crafting/kinetics/portable_fluid_interface]'
[22:46:05.921][INFO]: Removing 'minecraft:crafting' recipe(s) with name(s): '[create:crafting/kinetics/mechanical_pump]'
[22:46:05.921][INFO]: Removing 'minecraft:crafting' recipe(s) with name(s): '[create:crafting/kinetics/fluid_valve]'
[22:46:05.921][INFO]: Removing 'minecraft:crafting' recipe(s) with name(s): '[create:crafting/kinetics/smart_fluid_pipe]'
[22:46:05.921][INFO]: Removing 'minecraft:crafting' recipe(s) with name(s): '[create:crafting/kinetics/fluid_tank]'
[22:46:05.921][INFO]: Removing 'minecraft:crafting' recipe(s) with name(s): '[create:crafting/kinetics/hose_pulley]'
[22:46:05.921][INFO]: Removing 'minecraft:crafting' recipe(s) with name(s): '[create_enchantment_industry:crafting/printer]'
[22:46:05.921][INFO]: Removing 'minecraft:crafting' recipe(s) with name(s): '[create_enchantment_industry:crafting/disenchanter]'
[22:46:05.921][INFO]: Removing 'minecraft:crafting' recipe(s) with name(s): '[create:crafting/kinetics/item_drain]'
[22:46:05.921][INFO]: Removing 'minecraft:crafting' recipe(s) with name(s): '[create:crafting/kinetics/spout]'
[22:46:05.921][INFO]: Removing 'minecraft:crafting' recipe(s) with name(s): '[thermal:fluid_cell_frame]'
[22:46:05.921][INFO]: Removing 'minecraft:crafting' recipe(s) with name(s): '[thermal:machine_pyrolyzer]'
[22:46:05.921][INFO]: Removing 'minecraft:crafting' recipe(s) with name(s): '[create:crafting/kinetics/brass_hand]'
[22:46:05.921][INFO]: Removing 'minecraft:crafting' recipe(s) with name(s): '[thermal:device_water_gen]'
[22:46:05.921][INFO]: Removing 'minecraft:crafting' recipe(s) with name(s): '[thermal:device_nullifier]'
[22:46:05.921][INFO]: Removing 'minecraft:crafting' recipe(s) with name(s): '[thermal:device_composter]'
[22:46:05.921][INFO]: Removing 'minecraft:crafting' recipe(s) with name(s): '[thermal:device_fisher]'
[22:46:05.921][INFO]: Removing 'minecraft:crafting' recipe(s) with name(s): '[thermal:device_potion_diffuser]'
[22:46:05.921][INFO]: Removing 'minecraft:crafting' recipe(s) with name(s): '[thermal:device_collector]'
[22:46:05.921][INFO]: Removing 'thermal:pulverizer' recipe(s) with name(s): '[thermal:machines/pulverizer/pulverizer_iron_ingot_to_dust]'
[22:46:05.921][INFO]: Removing 'thermal:pulverizer' recipe(s) with name(s): '[thermal:machines/pulverizer/pulverizer_silver_ingot_to_dust]'
[22:46:05.921][INFO]: Removing 'thermal:pulverizer' recipe(s) with name(s): '[thermal:machines/pulverizer/pulverizer_copper_ingot_to_dust]'
[22:46:05.921][INFO]: Removing 'thermal:pulverizer' recipe(s) with name(s): '[thermal:machines/pulverizer/pulverizer_gold_ingot_to_dust]'
[22:46:05.921][INFO]: Removing 'thermal:pulverizer' recipe(s) with name(s): '[thermal:machines/pulverizer/pulverizer_lead_ingot_to_dust]'
[22:46:05.921][INFO]: Removing 'thermal:pulverizer' recipe(s) with name(s): '[thermal:machines/pulverizer/pulverizer_nickel_ingot_to_dust]'
[22:46:05.921][INFO]: Removing 'thermal:pulverizer' recipe(s) with name(s): '[thermal:machines/pulverizer/pulverizer_tin_ingot_to_dust]'
[22:46:05.921][INFO]: Removing 'thermal:pulverizer' recipe(s) with name(s): '[thermal:machines/pulverizer/pulverizer_sulfur]'
[22:46:05.921][INFO]: Removing 'thermal:pulverizer' recipe(s) with name(s): '[thermal:machines/pulverizer/pulverizer_emerald]'
[22:46:05.921][INFO]: Removing 'thermal:pulverizer' recipe(s) with name(s): '[thermal:machines/pulverizer/pulverizer_apatite]'
[22:46:05.921][INFO]: Removing 'thermal:pulverizer' recipe(s) with name(s): '[thermal:machines/pulverizer/pulverizer_diamond]'
[22:46:05.921][INFO]: Removing 'thermal:pulverizer' recipe(s) with name(s): '[thermal:machines/pulverizer/pulverizer_cinnabar]'
[22:46:05.921][INFO]: Removing 'thermal:pulverizer' recipe(s) with name(s): '[thermal:machines/pulverizer/pulverizer_quartz]'
[22:46:05.921][INFO]: Removing 'thermal:pulverizer' recipe(s) with name(s): '[thermal:machines/pulverizer/pulverizer_lapis]'
[22:46:05.921][INFO]: Removing 'thermal:pulverizer' recipe(s) with name(s): '[thermal:machines/pulverizer/pulverizer_niter]'
[22:46:05.922][INFO]: Removing 'minecraft:crafting' recipes that match a custom condition
[22:46:05.950][INFO]: Removing 'smelting' recipes with output: 'com.blamejared.crafttweaker.api.item.MCItemStack@13aed603'
[22:46:05.950][INFO]: Removing 'smelting' recipes with output: 'com.blamejared.crafttweaker.api.item.MCItemStack@841d8311'
[22:46:05.950][INFO]: Removing 'smelting' recipes with output: 'com.blamejared.crafttweaker.api.item.MCItemStack@33d54b15'
[22:46:05.951][INFO]: Removing 'smelting' recipes with output: 'com.blamejared.crafttweaker.api.item.MCItemStack@7b49a563'
[22:46:05.951][INFO]: Removing 'smelting' recipes with output: 'com.blamejared.crafttweaker.api.item.MCItemStack@7348b9a5'
[22:46:05.951][INFO]: Removing 'smelting' recipes with output: 'com.blamejared.crafttweaker.api.item.MCItemStack@402ac601'
[22:46:05.951][INFO]: Removing 'smelting' recipes with output: 'com.blamejared.crafttweaker.api.item.MCItemStack@4b21f717'
[22:46:05.951][INFO]: Removing 'smelting' recipes with output: 'com.blamejared.crafttweaker.api.item.MCItemStack@27b242dc'
[22:46:05.951][INFO]: Removing 'smelting' recipes with output: 'com.blamejared.crafttweaker.api.item.MCItemStack@e999a401'
[22:46:05.951][INFO]: Removing 'smelting' recipes with output: 'com.blamejared.crafttweaker.api.item.MCItemStack@7c91e964'
[22:46:05.951][INFO]: Removing 'smelting' recipes with output: 'com.blamejared.crafttweaker.api.item.MCItemStack@8f4f1211'
[22:46:05.951][INFO]: Removing 'smelting' recipes with output: 'com.blamejared.crafttweaker.api.item.MCItemStack@89bd4935'
[22:46:05.951][INFO]: Removing 'smelting' recipes with output: 'com.blamejared.crafttweaker.api.item.MCItemStack@ed63fb1a'
[22:46:05.951][INFO]: Removing 'smelting' recipes with output: 'com.blamejared.crafttweaker.api.item.MCItemStack@e492d614'
[22:46:05.951][INFO]: Removing 'smelting' recipes with output: 'com.blamejared.crafttweaker.api.item.MCItemStack@65814de9'
[22:46:05.951][INFO]: Removing 'smelting' recipes with output: 'com.blamejared.crafttweaker.api.item.MCItemStack@b78b7573'
[22:46:05.951][INFO]: Removing 'smelting' recipes with output: 'com.blamejared.crafttweaker.api.item.MCItemStack@fe25ce30'
[22:46:05.951][INFO]: Removing 'smelting' recipes with output: 'com.blamejared.crafttweaker.api.item.MCItemStack@fc9fa1d5'
[22:46:05.951][INFO]: Removing 'blasting' recipes with output: 'com.blamejared.crafttweaker.api.item.MCItemStack@fc9fa1d5'
[22:46:05.951][INFO]: Removing 'blasting' recipes with output: 'com.blamejared.crafttweaker.api.item.MCItemStack@fe25ce30'
[22:46:05.951][INFO]: Removing 'blasting' recipes with output: 'com.blamejared.crafttweaker.api.item.MCItemStack@13aed603'
[22:46:05.951][INFO]: Removing 'blasting' recipes with output: 'com.blamejared.crafttweaker.api.item.MCItemStack@841d8311'
[22:46:05.951][INFO]: Removing 'blasting' recipes with output: 'com.blamejared.crafttweaker.api.item.MCItemStack@33d54b15'
[22:46:05.951][INFO]: Removing 'blasting' recipes with output: 'com.blamejared.crafttweaker.api.item.MCItemStack@7b49a563'
[22:46:05.951][INFO]: Removing 'blasting' recipes with output: 'com.blamejared.crafttweaker.api.item.MCItemStack@7348b9a5'
[22:46:05.951][INFO]: Removing 'blasting' recipes with output: 'com.blamejared.crafttweaker.api.item.MCItemStack@402ac601'
[22:46:05.951][INFO]: Removing 'blasting' recipes with output: 'com.blamejared.crafttweaker.api.item.MCItemStack@4b21f717'
[22:46:05.951][INFO]: Removing 'blasting' recipes with output: 'com.blamejared.crafttweaker.api.item.MCItemStack@27b242dc'
[22:46:05.951][INFO]: Removing 'blasting' recipes with output: 'com.blamejared.crafttweaker.api.item.MCItemStack@e999a401'
[22:46:05.951][INFO]: Removing 'blasting' recipes with output: 'com.blamejared.crafttweaker.api.item.MCItemStack@7c91e964'
[22:46:05.951][INFO]: Removing 'blasting' recipes with output: 'com.blamejared.crafttweaker.api.item.MCItemStack@8f4f1211'
[22:46:05.951][INFO]: Removing 'blasting' recipes with output: 'com.blamejared.crafttweaker.api.item.MCItemStack@89bd4935'
[22:46:05.951][INFO]: Removing 'blasting' recipes with output: 'com.blamejared.crafttweaker.api.item.MCItemStack@ed63fb1a'
[22:46:05.951][INFO]: Removing 'blasting' recipes with output: 'com.blamejared.crafttweaker.api.item.MCItemStack@e492d614'
[22:46:05.951][INFO]: Removing 'blasting' recipes with output: 'com.blamejared.crafttweaker.api.item.MCItemStack@65814de9'
[22:46:05.952][INFO]: Removing 'blasting' recipes with output: 'com.blamejared.crafttweaker.api.item.MCItemStack@b78b7573'
[22:46:05.952][INFO]: Removing 'crafting' recipes with output: 'com.blamejared.crafttweaker.api.item.MCItemStack@13aed603'
[22:46:05.954][INFO]: Removing 'crafting' recipes with output: 'com.blamejared.crafttweaker.api.item.MCItemStack@841d8311'
[22:46:05.955][INFO]: Removing 'crafting' recipes with output: 'com.blamejared.crafttweaker.api.item.MCItemStack@33d54b15'
[22:46:05.955][INFO]: Removing 'crafting' recipes with output: 'com.blamejared.crafttweaker.api.item.MCItemStack@7b49a563'
[22:46:05.957][INFO]: Removing 'crafting' recipes with output: 'com.blamejared.crafttweaker.api.item.MCItemStack@7348b9a5'
[22:46:05.958][INFO]: Removing 'crafting' recipes with output: 'com.blamejared.crafttweaker.api.item.MCItemStack@402ac601'
[22:46:05.958][INFO]: Removing 'crafting' recipes with output: 'com.blamejared.crafttweaker.api.item.MCItemStack@4b21f717'
[22:46:05.959][INFO]: Removing 'crafting' recipes with output: 'com.blamejared.crafttweaker.api.item.MCItemStack@27b242dc'
[22:46:05.960][INFO]: Removing 'crafting' recipes with output: 'com.blamejared.crafttweaker.api.item.MCItemStack@e999a401'
[22:46:05.961][INFO]: Removing 'crafting' recipes with output: 'com.blamejared.crafttweaker.api.item.MCItemStack@7c91e964'
[22:46:05.962][INFO]: Removing 'crafting' recipes with output: 'com.blamejared.crafttweaker.api.item.MCItemStack@8f4f1211'
[22:46:05.962][INFO]: Removing 'crafting' recipes with output: 'com.blamejared.crafttweaker.api.item.MCItemStack@89bd4935'
[22:46:05.963][INFO]: Removing 'crafting' recipes with output: 'com.blamejared.crafttweaker.api.item.MCItemStack@ed63fb1a'
[22:46:05.964][INFO]: Removing 'crafting' recipes with output: 'com.blamejared.crafttweaker.api.item.MCItemStack@e492d614'
[22:46:05.964][INFO]: Removing 'crafting' recipes with output: 'com.blamejared.crafttweaker.api.item.MCItemStack@65814de9'
[22:46:05.964][INFO]: Removing 'crafting' recipes with output: 'com.blamejared.crafttweaker.api.item.MCItemStack@b78b7573'
[22:46:05.965][INFO]: Removing 'crafting' recipes with output: 'com.blamejared.crafttweaker.api.item.MCItemStack@a6e63ffe'
[22:46:05.965][INFO]: Removing 'crafting' recipes with output: 'com.blamejared.crafttweaker.api.item.MCItemStack@a67cec28'
[22:46:05.965][INFO]: Removing 'crafting' recipes with output: 'com.blamejared.crafttweaker.api.item.MCItemStack@e5771132'
[22:46:05.965][INFO]: Removing 'crafting' recipes with output: 'com.blamejared.crafttweaker.api.item.MCItemStack@1bdd5fce'
[22:46:05.967][INFO]: Removing 'crafting' recipes with output: 'com.blamejared.crafttweaker.api.item.MCItemStack@1142f653'
[22:46:05.967][INFO]: Removing 'crafting' recipes with output: 'com.blamejared.crafttweaker.api.item.MCItemStack@a4d706fd'
[22:46:05.968][INFO]: Removing 'crafting' recipes with output: 'com.blamejared.crafttweaker.api.item.MCItemStack@b9dbf7af'
[22:46:05.968][INFO]: Removing 'crafting' recipes with output: 'com.blamejared.crafttweaker.api.item.MCItemStack@80144720'
[22:46:05.969][INFO]: Removing 'crafting' recipes with output: 'com.blamejared.crafttweaker.api.item.MCItemStack@207562d9'
[22:46:05.969][INFO]: Removing 'crafting' recipes with output: 'com.blamejared.crafttweaker.api.item.MCItemStack@7ab07cba'
[22:46:05.970][INFO]: Removing 'crafting' recipes with output: 'com.blamejared.crafttweaker.api.item.MCItemStack@69b7390b'
[22:46:05.970][INFO]: Removing 'crafting' recipes with output: 'com.blamejared.crafttweaker.api.item.MCItemStack@37a6e860'
[22:46:05.971][INFO]: Removing 'crafting' recipes with output: 'com.blamejared.crafttweaker.api.item.MCItemStack@8bd59a42'
[22:46:05.971][INFO]: Removing 'crafting' recipes with output: 'com.blamejared.crafttweaker.api.item.MCItemStack@9cca594c'
[22:46:05.972][INFO]: Removing 'crafting' recipes with output: 'com.blamejared.crafttweaker.api.item.MCItemStack@b655b38'
[22:46:05.972][INFO]: Removing 'crafting' recipes with output: 'com.blamejared.crafttweaker.api.item.MCItemStack@e7906949'
[22:46:05.972][INFO]: Removing 'crafting' recipes with output: 'com.blamejared.crafttweaker.api.item.MCItemStack@4c81bf8b'
[22:46:05.973][INFO]: Removing 'crafting' recipes with output: 'com.blamejared.crafttweaker.api.item.MCItemStack@c05c839c'
[22:46:05.973][INFO]: Removing 'crafting' recipes with output: 'com.blamejared.crafttweaker.api.item.MCItemStack@cf0080ef'
[22:46:05.974][INFO]: Removing 'crafting' recipes with output: 'com.blamejared.crafttweaker.api.item.MCItemStack@a2161a4c'
[22:46:05.974][INFO]: Removing 'crafting' recipes with output: 'com.blamejared.crafttweaker.api.item.MCItemStack@95186fc6'
[22:46:05.974][INFO]: Removing 'crafting' recipes with output: 'com.blamejared.crafttweaker.api.item.MCItemStack@49b54155'
[22:46:05.974][INFO]: Removing 'crafting' recipes with output: 'com.blamejared.crafttweaker.api.item.MCItemStack@a0dfd27d'
[22:46:05.976][INFO]: Removing 'crafting' recipes with output: 'com.blamejared.crafttweaker.api.item.MCItemStack@1151b99a'
[22:46:05.976][INFO]: Removing 'crafting' recipes with output: 'com.blamejared.crafttweaker.api.item.MCItemStack@1754d020'
[22:46:05.976][INFO]: Removing 'crafting' recipes with output: 'com.blamejared.crafttweaker.api.item.MCItemStack@16819e47'
[22:46:05.976][INFO]: Removing 'crafting' recipes with output: 'com.blamejared.crafttweaker.api.item.MCItemStack@ae4c9e64'
[22:46:05.977][INFO]: Removing 'crafting' recipes with output: 'com.blamejared.crafttweaker.api.item.MCItemStack@de8e124c'
[22:46:05.977][INFO]: Removing 'crafting' recipes with output: 'com.blamejared.crafttweaker.api.item.MCItemStack@7b28c9e'
[22:46:05.977][INFO]: Removing 'crafting' recipes with output: 'com.blamejared.crafttweaker.api.item.MCItemStack@f8222ad7'
[22:46:05.978][INFO]: Removing 'crafting' recipes with output: 'com.blamejared.crafttweaker.api.item.MCItemStack@61f8a1a9'
[22:46:05.978][INFO]: Removing 'crafting' recipes with output: 'com.blamejared.crafttweaker.api.item.MCItemStack@a596657a'
[22:46:05.979][INFO]: Removing 'crafting' recipes with output: 'com.blamejared.crafttweaker.api.item.MCItemStack@f38a25b9'
[22:46:05.979][INFO]: Removing 'crafting' recipes with output: 'com.blamejared.crafttweaker.api.item.MCItemStack@9ff76f64'
[22:46:05.979][INFO]: Removing 'crafting' recipes with output: 'com.blamejared.crafttweaker.api.item.MCItemStack@162b6089'
[22:46:05.980][INFO]: Removing 'crafting' recipes with output: 'com.blamejared.crafttweaker.api.item.MCItemStack@dd4c0bf9'
[22:46:05.980][INFO]: Removing 'crafting' recipes with output: 'com.blamejared.crafttweaker.api.item.MCItemStack@de8e124c'
[22:46:05.981][WARN]: Tag '<tag:items:forge:nuggets>' does not exist, replacing with empty IIngredient
[22:46:05.982][INFO]: Removing 'crafting' recipes with output: 'INSTANCE'
[22:46:05.982][WARN]: Tag '<tag:items:forge:ingots>' does not exist, replacing with empty IIngredient
[22:46:05.982][INFO]: Removing 'crafting' recipes with output: 'INSTANCE'
[22:46:05.983][INFO]: Removing 'crafting' recipes with output: 'com.blamejared.crafttweaker.api.item.MCItemStack@4a082b71'
[22:46:05.983][INFO]: Removing 'crafting' recipes with output: 'com.blamejared.crafttweaker.api.item.MCItemStack@9ac8a4be'
[22:46:05.983][INFO]: Removing 'crafting' recipes with output: 'com.blamejared.crafttweaker.api.item.MCItemStack@df530dbc'
[22:46:05.984][INFO]: Removing 'crafting' recipes with output: 'com.blamejared.crafttweaker.api.item.MCItemStack@c226ef77'
[22:46:05.985][INFO]: Removing 'crafting' recipes with output: 'com.blamejared.crafttweaker.api.item.MCItemStack@1aacff5d'
[22:46:05.985][INFO]: Removing 'crafting' recipes with output: 'com.blamejared.crafttweaker.api.item.MCItemStack@f2e08a32'
[22:46:05.985][INFO]: Removing 'crafting' recipes with output: 'com.blamejared.crafttweaker.api.item.MCItemStack@60e9ad08'
[22:46:05.987][INFO]: Removing 'crafting' recipes with output: 'com.blamejared.crafttweaker.api.item.MCItemStack@b6e847ca'
[22:46:05.988][INFO]: Removing 'crafting' recipes with output: 'com.blamejared.crafttweaker.api.item.MCItemStack@940bcb4'
[22:46:05.988][INFO]: Removing 'crafting' recipes with output: 'com.blamejared.crafttweaker.api.item.MCItemStack@c1dadd65'
[22:46:05.989][INFO]: Removing 'crafting' recipes with output: 'com.blamejared.crafttweaker.api.item.MCItemStack@f576953c'
[22:46:05.989][INFO]: Removing 'crafting' recipes with output: 'com.blamejared.crafttweaker.api.item.MCItemStack@13a08f76'
[22:46:05.990][INFO]: Removing 'crafting' recipes with output: 'com.blamejared.crafttweaker.api.item.MCItemStack@ed91da09'
[22:46:05.990][INFO]: Removing 'crafting' recipes with output: 'com.blamejared.crafttweaker.api.item.MCItemStack@5f801a00'
[22:46:05.990][INFO]: Removing 'crafting' recipes with output: 'com.blamejared.crafttweaker.api.item.MCItemStack@11a27bd6'
[22:46:05.991][INFO]: Removing 'crafting' recipes with output: 'com.blamejared.crafttweaker.api.item.MCItemStack@9948ddfa'
[22:46:05.991][INFO]: Removing 'crafting' recipes with output: 'com.blamejared.crafttweaker.api.item.MCItemStack@8bd29e37'
[22:46:05.992][INFO]: Removing 'crafting' recipes with output: 'com.blamejared.crafttweaker.api.item.MCItemStack@f7888537'
[22:46:05.992][INFO]: Removing 'crafting' recipes with output: 'com.blamejared.crafttweaker.api.item.MCItemStack@f66deaa5'
[22:46:05.993][INFO]: Removing 'crafting' recipes with output: 'com.blamejared.crafttweaker.api.item.MCItemStack@70703ac1'
[22:46:05.993][INFO]: Removing 'crafting' recipes with output: 'com.blamejared.crafttweaker.api.item.MCItemStack@8d41cb8f'
[22:46:05.994][INFO]: Removing 'crafting' recipes with output: 'com.blamejared.crafttweaker.api.item.MCItemStack@48f14b91'
[22:46:05.994][INFO]: Removing 'crafting' recipes with output: 'com.blamejared.crafttweaker.api.item.MCItemStack@19539f72'
[22:46:05.994][INFO]: Removing 'crafting' recipes with output: 'com.blamejared.crafttweaker.api.item.MCItemStack@369ad2e7'
[22:46:05.995][INFO]: Removing 'crafting' recipes with output: 'com.blamejared.crafttweaker.api.item.MCItemStack@6289c915'
[22:46:05.995][INFO]: Removing 'crafting' recipes with output: 'com.blamejared.crafttweaker.api.item.MCItemStack@ea104298'
[22:46:05.995][INFO]: Removing 'crafting' recipes with output: 'com.blamejared.crafttweaker.api.item.MCItemStack@f61bcbc5'
[22:46:05.997][INFO]: Removing 'crafting' recipes with output: 'com.blamejared.crafttweaker.api.item.MCItemStack@d5f8f1f4'
[22:46:05.997][INFO]: Removing 'crafting' recipes with output: 'com.blamejared.crafttweaker.api.item.MCItemStack@286b5de7'
[22:46:05.998][INFO]: Removing 'crafting' recipes with output: 'com.blamejared.crafttweaker.api.item.MCItemStack@a9225f7a'
[22:46:05.998][INFO]: Removing 'crafting' recipes with output: 'com.blamejared.crafttweaker.api.item.MCItemStack@a22893d1'
[22:46:05.998][INFO]: Removing 'crafting' recipes with output: 'com.blamejared.crafttweaker.api.item.MCItemStack@c6b398c5'
[22:46:05.999][INFO]: Removing 'crafting' recipes with output: 'com.blamejared.crafttweaker.api.item.MCItemStack@9948ddfa'
[22:46:05.999][INFO]: Removing 'tconstruct:casting_basin' recipe(s) with name(s): '[tconstruct:smeltery/casting/seared/smeltery_controller]'
[22:46:05.999][INFO]: Removing 'minecraft:crafting' recipe(s) with name(s): '[create:crafting/kinetics/controls]'
[22:46:05.999][INFO]: Removing 'minecraft:crafting' recipe(s) with name(s): '[create:crafting/kinetics/rotation_speed_controller]'
[22:46:05.999][INFO]: Removing 'minecraft:crafting' recipe(s) with name(s): '[create:crafting/kinetics/mechanical_arm]'
[22:46:05.999][INFO]: Removing 'minecraft:crafting' recipe(s) with name(s): '[create:crafting/kinetics/weighted_ejector]'
[22:46:05.999][INFO]: Removing 'minecraft:crafting' recipe(s) with name(s): '[create:crafting/kinetics/sequenced_gearshift]'
[22:46:05.999][INFO]: Removing 'minecraft:crafting' recipe(s) with name(s): '[create:crafting/kinetics/track_observer_from_other_plates]'
[22:46:05.999][INFO]: Removing 'minecraft:crafting' recipe(s) with name(s): '[create:crafting/kinetics/track_observer]'
[22:46:05.999][INFO]: Removing 'minecraft:crafting' recipe(s) with name(s): '[create:crafting/kinetics/track_signal]'
[22:46:06.000][INFO]: Removing 'minecraft:crafting' recipe(s) with name(s): '[create:crafting/kinetics/track_station]'
[22:46:06.000][INFO]: Removing 'minecraft:crafting' recipe(s) with name(s): '[create:crafting/logistics/content_observer]'
[22:46:06.000][INFO]: Removing 'minecraft:crafting' recipe(s) with name(s): '[create:crafting/logistics/content_observerfrom_conversion]'
[22:46:06.000][INFO]: Removing 'minecraft:crafting' recipe(s) with name(s): '[create:crafting/logistics/stockpile_switchfrom_conversion]'
[22:46:06.000][INFO]: Removing 'minecraft:crafting' recipe(s) with name(s): '[create:crafting/logistics/display_link]'
[22:46:06.000][INFO]: Removing 'minecraft:crafting' recipe(s) with name(s): '[create:crafting/kinetics/display_board]'
[22:46:06.000][INFO]: Removing 'minecraft:crafting' recipe(s) with name(s): '[create:crafting/kinetics/cart_assembler]'
[22:46:06.000][INFO]: Removing 'minecraft:crafting' recipe(s) with name(s): '[create:crafting/kinetics/mechanical_crafter]'
[22:46:06.000][INFO]: Removing 'create:mechanical_crafting' recipe(s) with name(s): '[create:mechanical_crafting/potato_cannon]'
[22:46:06.000][INFO]: Removing 'create:mechanical_crafting' recipe(s) with name(s): '[create:mechanical_crafting/wand_of_symmetry]'
[22:46:06.000][INFO]: Removing 'minecraft:crafting' recipe(s) with name(s): '[tconstruct:smeltery/seared/drain]'
[22:46:06.000][INFO]: Removing 'minecraft:crafting' recipe(s) with name(s): '[tconstruct:smeltery/seared/chute]'
[22:46:06.000][INFO]: Removing 'minecraft:crafting' recipe(s) with name(s): '[tconstruct:smeltery/seared/duct]'
[22:46:06.000][INFO]: Removing 'minecraft:crafting' recipe(s) with name(s): '[tconstruct:smeltery/scorched/drain]'
[22:46:06.000][INFO]: Removing 'minecraft:crafting' recipe(s) with name(s): '[tconstruct:smeltery/scorched/chute]'
[22:46:06.000][INFO]: Removing 'minecraft:crafting' recipe(s) with name(s): '[tconstruct:smeltery/scorched/duct]'
[22:46:06.000][INFO]: Removing 'tconstruct:casting_basin' recipe(s) with name(s): '[tconstruct:smeltery/casting/scorched/foundry_controller]'
[22:46:06.000][INFO]: Removing 'minecraft:crafting' recipe(s) with name(s): '[thermal:device_tree_extractor]'
[22:46:06.000][INFO]: Removing 'minecraft:crafting' recipe(s) with name(s): '[thermal:device_rock_gen]'
[22:46:06.000][INFO]: Removing 'minecraft:crafting' recipe(s) with name(s): '[thermal:machine_pulverizer]'
[22:46:06.000][INFO]: Removing 'minecraft:crafting' recipe(s) with name(s): '[thermal:machine_smelter]'
[22:46:06.000][INFO]: Removing 'minecraft:crafting' recipe(s) with name(s): '[refinedstorage:fluid_interface]'
[22:46:06.000][INFO]: Removing 'minecraft:crafting' recipe(s) with name(s): '[refinedstorage:interface]'
[22:46:06.000][INFO]: Removing 'minecraft:crafting' recipe(s) with name(s): '[refinedstorage:security_manager]'
[22:46:06.000][INFO]: Removing 'minecraft:crafting' recipe(s) with name(s): '[refinedstorage:security_card]'
[22:46:06.000][INFO]: Removing 'create:mixing' recipe(s) with name(s): '[alloyed:mixing/steel_ingot]'
[22:46:06.000][INFO]: Removing 'minecraft:crafting' recipe(s) with name(s): '[thermal:fluid_cell]'
[22:46:06.000][INFO]: Removing 'minecraft:crafting' recipe(s) with name(s): '[thermal:rubber_from_vine]'
[22:46:06.000][INFO]: Removing 'minecraft:crafting' recipe(s) with name(s): '[thermal:rubber_3]'
[22:46:06.000][INFO]: Removing 'minecraft:crafting' recipe(s) with name(s): '[thermal:energy_cell]'
[22:46:06.000][INFO]: Removing 'minecraft:crafting' recipe(s) with name(s): '[thermal:energy_cell_frame]'
[22:46:06.000][INFO]: Removing 'minecraft:crafting' recipe(s) with name(s): '[ae2:network/blocks/spatial_io_port]'
[22:46:06.000][INFO]: Removing 'minecraft:crafting' recipe(s) with name(s): '[ae2:network/blocks/io_port]'
[22:46:06.000][INFO]: Removing 'minecraft:crafting' recipe(s) with name(s): '[ae2:network/blocks/interfaces_interface]'
[22:46:06.000][INFO]: Removing 'minecraft:crafting' recipe(s) with name(s): '[ae2:network/blocks/security_station]'
[22:46:06.000][INFO]: Removing 'minecraft:crafting' recipe(s) with name(s): '[ae2:network/blocks/storage_chest]'
[22:46:06.000][INFO]: Removing 'minecraft:crafting' recipe(s) with name(s): '[ae2:network/blocks/spatial_io_pylon]'
[22:46:06.000][INFO]: Removing 'minecraft:crafting' recipe(s) with name(s): '[ae2:network/blocks/energy_energy_acceptor]'
[22:46:06.000][INFO]: Removing 'minecraft:crafting' recipe(s) with name(s): '[ae2:network/crafting/molecular_assembler]'
[22:46:06.000][INFO]: Removing 'minecraft:crafting' recipe(s) with name(s): '[ae2:misc/tank_sky_stone]'
[22:46:06.000][INFO]: Removing 'minecraft:crafting' recipe(s) with name(s): '[ae2:network/blocks/cell_workbench]'
[22:46:06.000][INFO]: Removing 'minecraft:crafting' recipe(s) with name(s): '[ae2:network/crafting/cpu_crafting_unit]'
[22:46:06.000][INFO]: Removing 'minecraft:crafting' recipe(s) with name(s): '[ae2:network/blocks/crystal_processing_quartz_growth_accelerator]'
[22:46:06.000][INFO]: Removing 'minecraft:crafting' recipe(s) with name(s): '[ae2:network/cells/spatial_components]'
[22:46:06.000][INFO]: Removing 'minecraft:crafting' recipe(s) with name(s): '[ae2:network/blocks/spatial_anchor]'
[22:46:06.000][INFO]: Removing 'minecraft:crafting' recipe(s) with name(s): '[ae2:network/blocks/quantum_ring]'
[22:46:06.000][INFO]: Removing 'minecraft:crafting' recipe(s) with name(s): '[ae2:network/blocks/quantum_link]'
[22:46:06.000][INFO]: Removing 'minecraft:crafting' recipe(s) with name(s): '[ae2:network/wireless_part]'
[22:46:06.000][INFO]: Removing 'minecraft:crafting' recipe(s) with name(s): '[ae2:network/blocks/pattern_providers_interface]'
[22:46:06.000][INFO]: Removing 'minecraft:crafting' recipe(s) with name(s): '[ae2:network/crafting/cpu_crafting_accelerator]'
[22:46:06.000][INFO]: Removing 'minecraft:crafting' recipe(s) with name(s): '[ae2:network/crafting/cpu_crafting_monitor]'
[22:46:06.000][INFO]: Removing 'minecraft:crafting' recipe(s) with name(s): '[ae2:network/parts/tunnels_me]'
[22:46:06.000][INFO]: Removing 'thermal:smelter' recipe(s) with name(s): '[thermal:machines/smelter/smelter_alloy_electrum]'
[22:46:06.000][INFO]: Removing 'thermal:smelter' recipe(s) with name(s): '[thermal:machines/smelter/smelter_alloy_signalum]'
[22:46:06.000][INFO]: Removing 'thermal:smelter' recipe(s) with name(s): '[thermal:machines/smelter/smelter_alloy_constantan]'
[22:46:06.000][INFO]: Removing 'thermal:smelter' recipe(s) with name(s): '[thermal:machines/smelter/smelter_alloy_lumium]'
[22:46:06.000][INFO]: Removing 'thermal:smelter' recipe(s) with name(s): '[thermal:machines/smelter/smelter_alloy_bronze]'
[22:46:06.000][INFO]: Removing 'thermal:smelter' recipe(s) with name(s): '[thermal:machines/smelter/smelter_alloy_invar]'
[22:46:06.000][INFO]: Removing 'thermal:smelter' recipe(s) with name(s): '[thermal:machines/smelter/smelter_alloy_enderium]'
[22:46:06.000][INFO]: Removing 'thermal:smelter' recipe(s) with name(s): '[thermal:machines/smelter/smelter_alloy_netherite]'
[22:46:06.000][INFO]: Removing 'thermal:smelter' recipe(s) with name(s): '[thermal:machines/smelter/smelter_bronze_dust]'
[22:46:06.000][INFO]: Removing 'thermal:smelter' recipe(s) with name(s): '[thermal:machines/smelter/smelter_gold_dust]'
[22:46:06.000][INFO]: Removing 'thermal:smelter' recipe(s) with name(s): '[thermal:machines/smelter/smelter_iron_dust]'
[22:46:06.000][INFO]: Removing 'thermal:smelter' recipe(s) with name(s): '[thermal:machines/smelter/smelter_copper_dust]'
[22:46:06.000][INFO]: Removing 'thermal:smelter' recipe(s) with name(s): '[thermal:machines/smelter/smelter_lead_dust]'
[22:46:06.000][INFO]: Removing 'thermal:smelter' recipe(s) with name(s): '[thermal:machines/smelter/smelter_nickel_dust]'
[22:46:06.000][INFO]: Removing 'thermal:smelter' recipe(s) with name(s): '[thermal:machines/smelter/smelter_silver_dust]'
[22:46:06.000][INFO]: Removing 'minecraft:crafting' recipe(s) with name(s): '[thermal:enderium_dust_2]'
[22:46:06.000][INFO]: Removing 'minecraft:crafting' recipe(s) with name(s): '[thermal:lumium_dust_4]'
[22:46:06.000][INFO]: Removing 'minecraft:crafting' recipe(s) with name(s): '[thermal:signalum_dust_4]'
[22:46:06.000][INFO]: Removing 'minecraft:crafting' recipe(s) with name(s): '[thermal:constantan_dust_2]'
[22:46:06.000][INFO]: Removing 'minecraft:crafting' recipe(s) with name(s): '[thermal:invar_dust_3]'
[22:46:06.000][INFO]: Removing 'minecraft:crafting' recipe(s) with name(s): '[thermal:electrum_dust_2]'
[22:46:06.000][INFO]: Removing 'minecraft:crafting' recipe(s) with name(s): '[thermal:bronze_dust_4]'
[22:46:06.000][INFO]: Removing 'minecraft:crafting' recipe(s) with name(s): '[refinedstorage:network_receiver]'
[22:46:06.000][INFO]: Removing 'minecraft:crafting' recipe(s) with name(s): '[refinedstorage:network_transmitter]'
[22:46:06.000][INFO]: Removing 'minecraft:crafting' recipe(s) with name(s): '[refinedstorage:relay]'
[22:46:06.000][INFO]: Removing 'minecraft:crafting' recipe(s) with name(s): '[refinedstorage:detector]'
[22:46:06.000][INFO]: Removing 'minecraft:crafting' recipe(s) with name(s): '[refinedstorage:external_storage]'
[22:46:06.000][INFO]: Removing 'minecraft:crafting' recipe(s) with name(s): '[refinedstorage:cable]'
[22:46:06.000][INFO]: Removing 'minecraft:crafting' recipe(s) with name(s): '[refinedstorage:upgrade]'
[22:46:06.000][INFO]: Removing 'minecraft:crafting' recipe(s) with name(s): '[refinedstorage:1k_storage_block]'
[22:46:06.000][INFO]: Removing 'minecraft:crafting' recipe(s) with name(s): '[refinedstorage:4k_storage_block]'
[22:46:06.000][INFO]: Removing 'minecraft:crafting' recipe(s) with name(s): '[refinedstorage:16k_storage_block]'
[22:46:06.000][INFO]: Removing 'minecraft:crafting' recipe(s) with name(s): '[refinedstorage:64k_storage_block]'
[22:46:06.000][INFO]: Removing 'minecraft:crafting' recipe(s) with name(s): '[refinedstorage:64k_fluid_storage_block]'
[22:46:06.000][INFO]: Removing 'minecraft:crafting' recipe(s) with name(s): '[refinedstorage:256k_fluid_storage_block]'
[22:46:06.000][INFO]: Removing 'minecraft:crafting' recipe(s) with name(s): '[refinedstorage:1024k_fluid_storage_block]'
[22:46:06.000][INFO]: Removing 'minecraft:crafting' recipe(s) with name(s): '[refinedstorage:4096k_fluid_storage_block]'
[22:46:06.000][INFO]: Removing 'create:splashing' recipe(s) with name(s): '[create:splashing/red_sand]'
[22:46:06.000][INFO]: Removing 'create:splashing' recipe(s) with name(s): '[create:splashing/gravel]'
[22:46:06.000][INFO]: Removing 'minecraft:crafting' recipe(s) with name(s): '[thermal:rubber_from_dandelion]'
[22:46:06.000][INFO]: Removing 'thermal:centrifuge' recipe(s) with name(s): '[thermal:machines/centrifuge/centrifuge_gray_wool]'
[22:46:06.000][INFO]: Removing 'thermal:centrifuge' recipe(s) with name(s): '[thermal:machines/centrifuge/centrifuge_oil_red_sand]'
[22:46:06.000][INFO]: Removing 'thermal:centrifuge' recipe(s) with name(s): '[thermal:machines/centrifuge/centrifuge_yellow_wool]'
[22:46:06.000][INFO]: Removing 'thermal:centrifuge' recipe(s) with name(s): '[thermal:machines/centrifuge/centrifuge_white_tulip]'
[22:46:06.000][INFO]: Removing 'thermal:centrifuge' recipe(s) with name(s): '[thermal:machines/centrifuge/centrifuge_light_gray_wool]'
[22:46:06.000][INFO]: Removing 'thermal:centrifuge' recipe(s) with name(s): '[thermal:machines/centrifuge/centrifuge_lily_of_the_valley]'
[22:46:06.000][INFO]: Removing 'thermal:centrifuge' recipe(s) with name(s): '[thermal:machines/centrifuge/centrifuge_sunflower]'
[22:46:06.000][INFO]: Removing 'thermal:centrifuge' recipe(s) with name(s): '[thermal:machines/centrifuge/centrifuge_magma_cream]'
[22:46:06.000][INFO]: Removing 'thermal:centrifuge' recipe(s) with name(s): '[thermal:machines/centrifuge/centrifuge_dandelion]'
[22:46:06.001][INFO]: Removing 'thermal:centrifuge' recipe(s) with name(s): '[thermal:machines/centrifuge/centrifuge_orange_tulip]'
[22:46:06.001][INFO]: Removing 'thermal:centrifuge' recipe(s) with name(s): '[thermal:machines/centrifuge/centrifuge_lime_wool]'
[22:46:06.001][INFO]: Removing 'thermal:centrifuge' recipe(s) with name(s): '[thermal:machines/centrifuge/centrifuge_invar_dust]'
[22:46:06.001][INFO]: Removing 'thermal:centrifuge' recipe(s) with name(s): '[thermal:machines/centrifuge/centrifuge_light_blue_wool]'
[22:46:06.001][INFO]: Removing 'thermal:centrifuge' recipe(s) with name(s): '[thermal:machines/centrifuge/centrifuge_brown_wool]'
[22:46:06.001][INFO]: Removing 'thermal:centrifuge' recipe(s) with name(s): '[thermal:machines/centrifuge/centrifuge_wither_rose]'
[22:46:06.001][INFO]: Removing 'thermal:centrifuge' recipe(s) with name(s): '[thermal:machines/centrifuge/centrifuge_poppy]'
[22:46:06.001][INFO]: Removing 'thermal:centrifuge' recipe(s) with name(s): '[thermal:machines/centrifuge/centrifuge_cyan_wool]'
[22:46:06.001][INFO]: Removing 'thermal:centrifuge' recipe(s) with name(s): '[thermal:machines/centrifuge/centrifuge_green_wool]'
[22:46:06.001][INFO]: Removing 'thermal:centrifuge' recipe(s) with name(s): '[thermal:machines/centrifuge/centrifuge_experience_bottle]'
[22:46:06.001][INFO]: Removing 'thermal:centrifuge' recipe(s) with name(s): '[thermal:machines/centrifuge/centrifuge_red_wool]'
[22:46:06.001][INFO]: Removing 'thermal:centrifuge' recipe(s) with name(s): '[thermal:machines/centrifuge/centrifuge_rose_bush]'
[22:46:06.001][INFO]: Removing 'thermal:centrifuge' recipe(s) with name(s): '[thermal:machines/centrifuge/centrifuge_bronze_dust]'
[22:46:06.001][INFO]: Removing 'thermal:centrifuge' recipe(s) with name(s): '[thermal:machines/centrifuge/centrifuge_orange_wool]'
[22:46:06.001][INFO]: Removing 'thermal:centrifuge' recipe(s) with name(s): '[thermal:machines/centrifuge/centrifuge_pink_wool]'
[22:46:06.001][INFO]: Removing 'thermal:centrifuge' recipe(s) with name(s): '[thermal:machines/centrifuge/centrifuge_purple_wool]'
[22:46:06.001][INFO]: Removing 'thermal:centrifuge' recipe(s) with name(s): '[thermal:machines/centrifuge/centrifuge_allium]'
[22:46:06.001][INFO]: Removing 'thermal:centrifuge' recipe(s) with name(s): '[thermal:machines/centrifuge/centrifuge_blue_orchid]'
[22:46:06.001][INFO]: Removing 'thermal:centrifuge' recipe(s) with name(s): '[thermal:machines/centrifuge/centrifuge_syrup_bottle]'
[22:46:06.001][INFO]: Removing 'thermal:centrifuge' recipe(s) with name(s): '[thermal:machines/centrifuge/centrifuge_cornflower]'
[22:46:06.001][INFO]: Removing 'thermal:centrifuge' recipe(s) with name(s): '[thermal:machines/centrifuge/centrifuge_lilac]'
[22:46:06.001][INFO]: Removing 'thermal:centrifuge' recipe(s) with name(s): '[thermal:machines/centrifuge/centrifuge_honey_bottle]'
[22:46:06.001][INFO]: Removing 'thermal:centrifuge' recipe(s) with name(s): '[thermal:machines/centrifuge/centrifuge_constantan_dust]'
[22:46:06.001][INFO]: Removing 'thermal:centrifuge' recipe(s) with name(s): '[thermal:machines/centrifuge/centrifuge_peony]'
[22:46:06.001][INFO]: Removing 'thermal:centrifuge' recipe(s) with name(s): '[thermal:machines/centrifuge/centrifuge_azure_bluet]'
[22:46:06.001][INFO]: Removing 'thermal:centrifuge' recipe(s) with name(s): '[thermal:machines/centrifuge/centrifuge_honeycomb]'
[22:46:06.001][INFO]: Removing 'thermal:centrifuge' recipe(s) with name(s): '[thermal:machines/centrifuge/centrifuge_pink_tulip]'
[22:46:06.001][INFO]: Removing 'thermal:centrifuge' recipe(s) with name(s): '[thermal:machines/centrifuge/centrifuge_oil_sand]'
[22:46:06.001][INFO]: Removing 'thermal:centrifuge' recipe(s) with name(s): '[thermal:machines/centrifuge/centrifuge_blue_wool]'
[22:46:06.001][INFO]: Removing 'thermal:centrifuge' recipe(s) with name(s): '[thermal:machines/centrifuge/centrifuge_black_wool]'
[22:46:06.001][INFO]: Removing 'thermal:centrifuge' recipe(s) with name(s): '[thermal:machines/centrifuge/centrifuge_electrum_dust]'
[22:46:06.001][INFO]: Removing 'thermal:centrifuge' recipe(s) with name(s): '[thermal:machines/centrifuge/centrifuge_red_tulip]'
[22:46:06.001][INFO]: Removing 'thermal:centrifuge' recipe(s) with name(s): '[thermal:machines/centrifuge/centrifuge_magenta_wool]'
[22:46:06.001][INFO]: Removing 'thermal:centrifuge' recipe(s) with name(s): '[thermal:machines/centrifuge/centrifuge_oxeye_daisy]'
[22:46:06.001][INFO]: Removing 'thermal:crystallizer' recipe(s) with name(s): '[thermal:machines/crystallizer/crystallizer_amethyst_cluster]'
[22:46:06.001][INFO]: Removing 'thermal:crystallizer' recipe(s) with name(s): '[thermal:machines/crystallizer/crystallizer_emerald]'
[22:46:06.001][INFO]: Removing 'thermal:crystallizer' recipe(s) with name(s): '[thermal:machines/crystallizer/crystallizer_cinnabar]'
[22:46:06.001][INFO]: Removing 'thermal:crystallizer' recipe(s) with name(s): '[thermal:machines/crystallizer/crystallizer_apatite]'
[22:46:06.001][INFO]: Removing 'thermal:crystallizer' recipe(s) with name(s): '[thermal:machines/crystallizer/crystallizer_quartz]'
[22:46:06.001][INFO]: Removing 'thermal:crystallizer' recipe(s) with name(s): '[thermal:machines/crystallizer/crystallizer_sulfur]'
[22:46:06.001][INFO]: Removing 'thermal:crystallizer' recipe(s) with name(s): '[thermal:machines/crystallizer/crystallizer_diamond]'
[22:46:06.001][INFO]: Removing 'thermal:crystallizer' recipe(s) with name(s): '[thermal:machines/crystallizer/crystallizer_lapis]'
[22:46:06.001][INFO]: Removing 'thermal:crystallizer' recipe(s) with name(s): '[thermal:machines/crystallizer/crystallizer_niter]'
[22:46:06.001][INFO]: Removing 'minecraft:crafting' recipe(s) with name(s): '[refinedstorage:range_upgrade]'
[22:46:06.001][INFO]: Removing 'minecraft:crafting' recipe(s) with name(s): '[refinedstorage:regulator_upgrade]'
[22:46:06.001][INFO]: Removing 'minecraft:crafting' recipe(s) with name(s): '[refinedstorage:crafting_upgrade]'
[22:46:06.001][INFO]: Removing 'minecraft:crafting' recipe(s) with name(s): '[refinedstorage:speed_upgrade]'
[22:46:06.001][INFO]: Removing 'minecraft:crafting' recipe(s) with name(s): '[refinedstorage:stack_upgrade]'
[22:46:06.001][INFO]: Removing 'minecraft:crafting' recipe(s) with name(s): '[refinedstorage:fortune_3_upgrade]'
[22:46:06.001][INFO]: Removing 'minecraft:crafting' recipe(s) with name(s): '[refinedstorage:fortune_2_upgrade]'
[22:46:06.001][INFO]: Removing 'minecraft:crafting' recipe(s) with name(s): '[refinedstorage:fortune_1_upgrade]'
[22:46:06.001][INFO]: Removing 'minecraft:crafting' recipe(s) with name(s): '[refinedstorage:silk_touch_upgrade]'
[22:46:06.001][INFO]: Removing 'minecraft:crafting' recipe(s) with name(s): '[create:crafting/kinetics/deployer]'
[22:46:06.001][INFO]: Removing 'minecraft:crafting' recipe(s) with name(s): '[create:crafting/kinetics/encased_fan]'
[22:46:06.001][INFO]: Removing 'minecraft:crafting' recipe(s) with name(s): '[create:crafting/kinetics/mechanical_press]'
[22:46:06.001][INFO]: Removing 'minecraft:crafting' recipe(s) with name(s): '[create:crafting/kinetics/mechanical_mixer]'
[22:46:06.001][INFO]: Removing 'minecraft:crafting' recipe(s) with name(s): '[create:crafting/kinetics/millstone]'
[22:46:06.001][INFO]: Removing 'minecraft:crafting' recipe(s) with name(s): '[create:crafting/kinetics/mechanical_drill]'
[22:46:06.001][INFO]: Removing 'minecraft:crafting' recipe(s) with name(s): '[create:crafting/kinetics/mechanical_saw]'
[22:46:06.001][INFO]: Removing 'minecraft:crafting' recipe(s) with name(s): '[ae2:materials/basiccard]'
[22:46:06.001][INFO]: Removing 'minecraft:crafting' recipe(s) with name(s): '[ae2:materials/advancedcard]'
[22:46:06.001][INFO]: Removing 'thermal:crucible' recipe(s) with name(s): '[thermal:machines/crucible/crucible_honey_block_to_honey]'
[22:46:06.001][INFO]: Removing 'tconstruct:melting' recipe(s) with name(s): '[tconstruct:smeltery/melting/slime/honey_block]'
[22:46:06.001][INFO]: Removing 'tconstruct:entity_melting' recipe(s) with name(s): '[tconstruct:smeltery/entity_melting/bee]'
[22:46:06.001][INFO]: Removing 'thermal:smelter' recipe(s) with name(s): '[thermal:machines/smelter/smelter_raw_gold]'
[22:46:06.001][INFO]: Removing 'thermal:smelter' recipe(s) with name(s): '[thermal:machines/smelter/smelter_raw_nickel]'
[22:46:06.001][INFO]: Removing 'create:mixing' recipe(s) with name(s): '[create:mixing/andesite_alloy]'
[22:46:06.001][INFO]: Removing 'create:mixing' recipe(s) with name(s): '[create:mixing/andesite_alloy_from_zinc]'
[22:46:06.001][INFO]: Removing 'minecraft:crafting' recipe(s) with name(s): '[create:crafting/materials/andesite_alloy]'
[22:46:06.002][INFO]: Removing 'minecraft:crafting' recipe(s) with name(s): '[create:crafting/materials/andesite_alloy_from_zinc]'
[22:46:06.002][WARN]: No recipe with type: 'minecraft:crafting' and name: 'minecraft:cast_iron_nugget'
[22:46:06.002][WARN]: No recipe with type: 'minecraft:crafting' and name: 'minecraft:nethersteel_nugget'
[22:46:06.002][INFO]: Removing 'minecraft:crafting' recipe(s) with name(s): '[tconstruct:common/materials/netherite_nugget_from_ingot]'
[22:46:06.002][INFO]: Removing 'create:splashing' recipe(s) with name(s): '[create:splashing/immersiveengineering/crushed_aluminum_ore]'
[22:46:06.002][INFO]: Removing 'blasting' recipes with output: 'com.blamejared.crafttweaker.api.item.MCItemStack@27a8f85a'
[22:46:06.002][INFO]: Removing 'smelting' recipes with output: 'com.blamejared.crafttweaker.api.item.MCItemStack@27a8f85a'
[22:46:06.002][INFO]: Removing 'blasting' recipes with output: 'com.blamejared.crafttweaker.api.item.MCItemStack@d8e0bee4'
[22:46:06.002][INFO]: Removing: [thermal:bronze_ingot] from tag: <tag:items:forge:ingots/bronze>
[22:46:06.002][INFO]: Removing: [thermal:iron_plate] from tag: <tag:items:forge:plates/iron>
[22:46:06.002][INFO]: Removing: [thermal:gold_plate] from tag: <tag:items:forge:plates/gold>
[22:46:06.003][INFO]: Removing: [thermal:copper_plate] from tag: <tag:items:forge:plates/copper>
[22:46:06.003][INFO]: Removing: [thermal:netherite_plate] from tag: <tag:items:forge:plates/netherite>
[22:46:06.003][INFO]: Removing: [thermal:tin_plate] from tag: <tag:items:forge:plates/tin>
[22:46:06.003][INFO]: Removing: [thermal:lead_plate] from tag: <tag:items:forge:plates/lead>
[22:46:06.003][INFO]: Removing: [thermal:silver_plate] from tag: <tag:items:forge:plates/silver>
[22:46:06.003][INFO]: Removing: [thermal:bronze_plate] from tag: <tag:items:forge:plates/bronze>
[22:46:06.003][INFO]: Removing: [thermal:electrum_plate] from tag: <tag:items:forge:plates/electrum>
[22:46:06.004][INFO]: Removing: [thermal:invar_plate] from tag: <tag:items:forge:plates/invar>
[22:46:06.004][INFO]: Removing: [thermal:constantan_plate] from tag: <tag:items:forge:plates/constantan>
[22:46:06.004][INFO]: Removing: [thermal:signalum_plate] from tag: <tag:items:forge:plates/signalum>
[22:46:06.004][INFO]: Removing: [thermal:lumium_plate] from tag: <tag:items:forge:plates/lumium>
[22:46:06.004][INFO]: Removing: [thermal:enderium_plate] from tag: <tag:items:forge:plates/enderium>
[22:46:06.004][INFO]: Removing: [thermal:nickel_plate] from tag: <tag:items:forge:plates/nickel>
[22:46:06.004][INFO]: Removing: [ae2:silicon] from tag: <tag:items:forge:silicon>
[22:46:06.004][INFO]: Removing: [thermal:iron_coin] from tag: <tag:items:forge:coins/iron>
[22:46:06.004][INFO]: Removing: [thermal:gold_coin] from tag: <tag:items:forge:coins/gold>
[22:46:06.004][INFO]: Removing: [thermal:copper_coin] from tag: <tag:items:forge:coins/copper>
[22:46:06.005][INFO]: Removing: [thermal:netherite_coin] from tag: <tag:items:forge:coins/netherite>
[22:46:06.005][INFO]: Removing: [thermal:tin_coin] from tag: <tag:items:forge:coins/tin>
[22:46:06.005][INFO]: Removing: [thermal:lead_coin] from tag: <tag:items:forge:coins/lead>
[22:46:06.005][INFO]: Removing: [thermal:silver_coin] from tag: <tag:items:forge:coins/silver>
[22:46:06.005][INFO]: Removing: [thermal:bronze_coin] from tag: <tag:items:forge:coins/bronze>
[22:46:06.005][INFO]: Removing: [thermal:electrum_coin] from tag: <tag:items:forge:coins/electrum>
[22:46:06.005][INFO]: Removing: [thermal:invar_coin] from tag: <tag:items:forge:coins/invar>
[22:46:06.005][INFO]: Removing: [thermal:constantan_coin] from tag: <tag:items:forge:coins/constantan>
[22:46:06.005][INFO]: Removing: [thermal:signalum_coin] from tag: <tag:items:forge:coins/signalum>
[22:46:06.005][INFO]: Removing: [thermal:lumium_coin] from tag: <tag:items:forge:coins/lumium>
[22:46:06.005][INFO]: Removing: [thermal:enderium_coin] from tag: <tag:items:forge:coins/enderium>
[22:46:06.005][INFO]: Removing: [thermal:nickel_coin] from tag: <tag:items:forge:coins/nickel>
[22:46:06.005][INFO]: Removing: [thermal:copper_nugget] from tag: <tag:items:forge:nuggets/copper>
[22:46:06.005][INFO]: Removing: [tconstruct:copper_nugget] from tag: <tag:items:forge:nuggets/copper>
[22:46:06.005][INFO]: Removing: [thermal:copper_dust] from tag: <tag:items:forge:dusts/copper>
[22:46:06.005][INFO]: Removing: [thermal:iron_dust] from tag: <tag:items:forge:dusts/iron>
[22:46:06.007][INFO]: Removing: [thermal:gold_dust] from tag: <tag:items:forge:dusts/gold>
[22:46:06.007][INFO]: Removing: [thermal:nickel_dust] from tag: <tag:items:forge:dusts/nickel>
[22:46:06.007][INFO]: Removing: [thermal:silver_dust] from tag: <tag:items:forge:dusts/silver>
[22:46:06.007][INFO]: Removing: [thermal:lead_dust] from tag: <tag:items:forge:dusts/lead>
[22:46:06.007][INFO]: Execution for loader 'crafttweaker' completed successfully
[22:46:06.010][INFO]: This reload was made possible by Spencer Gilbert and more! Become a patron at https://patreon.com/jaredlll08?s=crtmod
